{
  "/Users/dylan/CodeBuddy/agile-construction/src/components/personnel/projectManagement.data.ts": {
    "path": "/Users/dylan/CodeBuddy/agile-construction/src/components/personnel/projectManagement.data.ts",
    "statementMap": {
      "0": { "start": { "line": 10, "column": 43 }, "end": { "line": 191, "column": null } },
      "1": { "start": { "line": 196, "column": 31 }, "end": { "line": 225, "column": null } },
      "2": { "start": { "line": 230, "column": 28 }, "end": { "line": 235, "column": null } },
      "3": { "start": { "line": 240, "column": 27 }, "end": { "line": 246, "column": null } },
      "4": { "start": { "line": 251, "column": 44 }, "end": { "line": 251, "column": null } },
      "5": { "start": { "line": 256, "column": 29 }, "end": { "line": 267, "column": null } },
      "6": { "start": { "line": 272, "column": 31 }, "end": { "line": 272, "column": null } }
    },
    "fnMap": {},
    "branchMap": {},
    "s": { "0": 2, "1": 2, "2": 2, "3": 2, "4": 2, "5": 2, "6": 2 },
    "f": {},
    "b": {},
    "meta": {
      "lastBranch": 0,
      "lastFunction": 0,
      "lastStatement": 7,
      "seen": {
        "s:10:43:191:Infinity": 0,
        "s:196:31:225:Infinity": 1,
        "s:230:28:235:Infinity": 2,
        "s:240:27:246:Infinity": 3,
        "s:251:44:251:Infinity": 4,
        "s:256:29:267:Infinity": 5,
        "s:272:31:272:Infinity": 6
      }
    }
  },
  "/Users/dylan/CodeBuddy/agile-construction/src/components/project/ActivitiesCard.tsx": {
    "path": "/Users/dylan/CodeBuddy/agile-construction/src/components/project/ActivitiesCard.tsx",
    "statementMap": {
      "0": { "start": { "line": 1, "column": 19 }, "end": { "line": 1, "column": null } },
      "1": { "start": { "line": 3, "column": 19 }, "end": { "line": 8, "column": null } },
      "2": { "start": { "line": 10, "column": 6 }, "end": { "line": 30, "column": null } },
      "3": { "start": { "line": 11, "column": 2 }, "end": { "line": 30, "column": null } },
      "4": { "start": { "line": 18, "column": 10 }, "end": { "line": 28, "column": null } }
    },
    "fnMap": {
      "0": {
        "name": "(anonymous_0)",
        "decl": { "start": { "line": 10, "column": 6 }, "end": { "line": 10, "column": 29 } },
        "loc": { "start": { "line": 10, "column": 29 }, "end": { "line": 30, "column": null } },
        "line": 10
      },
      "1": {
        "name": "(anonymous_1)",
        "decl": { "start": { "line": 17, "column": 20 }, "end": { "line": 17, "column": 25 } },
        "loc": { "start": { "line": 18, "column": 10 }, "end": { "line": 28, "column": null } },
        "line": 18
      }
    },
    "branchMap": {},
    "s": { "0": 1, "1": 1, "2": 1, "3": 1, "4": 4 },
    "f": { "0": 1, "1": 4 },
    "b": {},
    "meta": {
      "lastBranch": 0,
      "lastFunction": 2,
      "lastStatement": 5,
      "seen": {
        "s:1:19:1:Infinity": 0,
        "s:3:19:8:Infinity": 1,
        "s:10:6:30:Infinity": 2,
        "f:10:6:10:29": 0,
        "s:11:2:30:Infinity": 3,
        "f:17:20:17:25": 1,
        "s:18:10:28:Infinity": 4
      }
    }
  },
  "/Users/dylan/CodeBuddy/agile-construction/src/components/project/GanttChart.tsx": {
    "path": "/Users/dylan/CodeBuddy/agile-construction/src/components/project/GanttChart.tsx",
    "statementMap": {
      "0": { "start": { "line": 11, "column": 19 }, "end": { "line": 11, "column": null } },
      "1": { "start": { "line": 12, "column": 20 }, "end": { "line": 12, "column": null } },
      "2": { "start": { "line": 14, "column": 6 }, "end": { "line": 28, "column": null } },
      "3": { "start": { "line": 15, "column": 59 }, "end": { "line": 15, "column": 61 } },
      "4": { "start": { "line": 17, "column": 2 }, "end": { "line": 26, "column": null } },
      "5": { "start": { "line": 18, "column": 27 }, "end": { "line": 18, "column": null } },
      "6": { "start": { "line": 20, "column": 4 }, "end": { "line": 22, "column": null } },
      "7": { "start": { "line": 21, "column": 6 }, "end": { "line": 21, "column": null } },
      "8": { "start": { "line": 22, "column": 6 }, "end": { "line": 22, "column": null } },
      "9": { "start": { "line": 25, "column": 4 }, "end": { "line": 25, "column": null } },
      "10": { "start": { "line": 28, "column": 2 }, "end": { "line": 28, "column": null } },
      "11": { "start": { "line": 31, "column": 6 }, "end": { "line": 34, "column": null } },
      "12": { "start": { "line": 31, "column": 68 }, "end": { "line": 34, "column": null } },
      "13": { "start": { "line": 36, "column": 6 }, "end": { "line": 38, "column": null } },
      "14": { "start": { "line": 36, "column": 74 }, "end": { "line": 37, "column": null } },
      "15": { "start": { "line": 40, "column": 6 }, "end": { "line": 42, "column": null } },
      "16": { "start": { "line": 40, "column": 63 }, "end": { "line": 41, "column": null } },
      "17": { "start": { "line": 44, "column": 6 }, "end": { "line": 131, "column": null } },
      "18": { "start": { "line": 45, "column": 23 }, "end": { "line": 45, "column": 50 } },
      "19": { "start": { "line": 46, "column": 24 }, "end": { "line": 46, "column": null } },
      "20": { "start": { "line": 47, "column": 24 }, "end": { "line": 51, "column": null } },
      "21": { "start": { "line": 53, "column": 2 }, "end": { "line": 131, "column": null } },
      "22": { "start": { "line": 66, "column": 16 }, "end": { "line": 68, "column": null } },
      "23": { "start": { "line": 73, "column": 16 }, "end": { "line": 75, "column": null } },
      "24": { "start": { "line": 83, "column": 12 }, "end": { "line": 127, "column": null } },
      "25": { "start": { "line": 94, "column": 35 }, "end": { "line": 94, "column": null } },
      "26": { "start": { "line": 95, "column": 36 }, "end": { "line": 95, "column": null } },
      "27": { "start": { "line": 97, "column": 16 }, "end": { "line": 124, "column": null } },
      "28": { "start": { "line": 102, "column": 35 }, "end": { "line": 102, "column": 56 } }
    },
    "fnMap": {
      "0": {
        "name": "(anonymous_0)",
        "decl": { "start": { "line": 14, "column": 6 }, "end": { "line": 14, "column": 27 } },
        "loc": { "start": { "line": 14, "column": 70 }, "end": { "line": 28, "column": null } },
        "line": 14
      },
      "1": {
        "name": "(anonymous_1)",
        "decl": { "start": { "line": 17, "column": 11 }, "end": { "line": 17, "column": 20 } },
        "loc": { "start": { "line": 17, "column": 30 }, "end": { "line": 26, "column": null } },
        "line": 17
      },
      "2": {
        "name": "(anonymous_2)",
        "decl": { "start": { "line": 31, "column": 6 }, "end": { "line": 31, "column": 21 } },
        "loc": { "start": { "line": 31, "column": 68 }, "end": { "line": 34, "column": null } },
        "line": 31
      },
      "3": {
        "name": "(anonymous_3)",
        "decl": { "start": { "line": 36, "column": 6 }, "end": { "line": 36, "column": 27 } },
        "loc": { "start": { "line": 36, "column": 74 }, "end": { "line": 37, "column": null } },
        "line": 36
      },
      "4": {
        "name": "(anonymous_4)",
        "decl": { "start": { "line": 40, "column": 6 }, "end": { "line": 40, "column": 26 } },
        "loc": { "start": { "line": 40, "column": 63 }, "end": { "line": 41, "column": null } },
        "line": 40
      },
      "5": {
        "name": "(anonymous_5)",
        "decl": { "start": { "line": 44, "column": 6 }, "end": { "line": 44, "column": 20 } },
        "loc": { "start": { "line": 44, "column": 92 }, "end": { "line": 131, "column": null } },
        "line": 44
      },
      "6": {
        "name": "(anonymous_6)",
        "decl": { "start": { "line": 65, "column": 28 }, "end": { "line": 65, "column": 33 } },
        "loc": { "start": { "line": 66, "column": 16 }, "end": { "line": 68, "column": null } },
        "line": 66
      },
      "7": {
        "name": "(anonymous_7)",
        "decl": { "start": { "line": 72, "column": 24 }, "end": { "line": 72, "column": 29 } },
        "loc": { "start": { "line": 73, "column": 16 }, "end": { "line": 75, "column": null } },
        "line": 73
      },
      "8": {
        "name": "(anonymous_8)",
        "decl": { "start": { "line": 82, "column": 18 }, "end": { "line": 82, "column": 23 } },
        "loc": { "start": { "line": 83, "column": 12 }, "end": { "line": 127, "column": null } },
        "line": 83
      },
      "9": {
        "name": "(anonymous_9)",
        "decl": { "start": { "line": 93, "column": 27 }, "end": { "line": 93, "column": 32 } },
        "loc": { "start": { "line": 93, "column": 41 }, "end": { "line": 126, "column": null } },
        "line": 93
      },
      "10": {
        "name": "(anonymous_10)",
        "decl": { "start": { "line": 102, "column": 20 }, "end": { "line": 102, "column": 35 } },
        "loc": { "start": { "line": 102, "column": 35 }, "end": { "line": 102, "column": 56 } },
        "line": 102
      }
    },
    "branchMap": {
      "0": {
        "loc": { "start": { "line": 20, "column": 4 }, "end": { "line": 22, "column": null } },
        "type": "if",
        "locations": [
          { "start": { "line": 20, "column": 4 }, "end": { "line": 22, "column": null } },
          { "start": {}, "end": {} }
        ],
        "line": 20
      },
      "1": {
        "loc": { "start": { "line": 101, "column": 44 }, "end": { "line": 101, "column": null } },
        "type": "cond-expr",
        "locations": [
          { "start": { "line": 101, "column": 57 }, "end": { "line": 101, "column": 70 } },
          { "start": { "line": 101, "column": 70 }, "end": { "line": 101, "column": null } }
        ],
        "line": 101
      },
      "2": {
        "loc": { "start": { "line": 106, "column": 59 }, "end": { "line": 106, "column": 94 } },
        "type": "cond-expr",
        "locations": [
          { "start": { "line": 106, "column": 73 }, "end": { "line": 106, "column": 87 } },
          { "start": { "line": 106, "column": 87 }, "end": { "line": 106, "column": 94 } }
        ],
        "line": 106
      },
      "3": {
        "loc": { "start": { "line": 107, "column": 25 }, "end": { "line": 107, "column": null } },
        "type": "binary-expr",
        "locations": [
          { "start": { "line": 107, "column": 25 }, "end": { "line": 107, "column": 42 } },
          { "start": { "line": 107, "column": 42 }, "end": { "line": 107, "column": null } }
        ],
        "line": 107
      },
      "4": {
        "loc": { "start": { "line": 114, "column": 23 }, "end": { "line": 120, "column": null } },
        "type": "cond-expr",
        "locations": [
          { "start": { "line": 115, "column": 24 }, "end": { "line": 117, "column": 25 } },
          { "start": { "line": 117, "column": 24 }, "end": { "line": 120, "column": null } }
        ],
        "line": 114
      },
      "5": {
        "loc": { "start": { "line": 117, "column": 69 }, "end": { "line": 117, "column": 104 } },
        "type": "cond-expr",
        "locations": [
          { "start": { "line": 117, "column": 86 }, "end": { "line": 117, "column": 98 } },
          { "start": { "line": 117, "column": 98 }, "end": { "line": 117, "column": 104 } }
        ],
        "line": 117
      },
      "6": {
        "loc": { "start": { "line": 119, "column": 27 }, "end": { "line": 119, "column": null } },
        "type": "binary-expr",
        "locations": [
          { "start": { "line": 119, "column": 27 }, "end": { "line": 119, "column": 44 } },
          { "start": { "line": 119, "column": 44 }, "end": { "line": 119, "column": null } }
        ],
        "line": 119
      }
    },
    "s": {
      "0": 1,
      "1": 1,
      "2": 1,
      "3": 0,
      "4": 0,
      "5": 0,
      "6": 0,
      "7": 0,
      "8": 0,
      "9": 0,
      "10": 0,
      "11": 1,
      "12": 0,
      "13": 1,
      "14": 0,
      "15": 1,
      "16": 0,
      "17": 1,
      "18": 0,
      "19": 0,
      "20": 0,
      "21": 0,
      "22": 0,
      "23": 0,
      "24": 0,
      "25": 0,
      "26": 0,
      "27": 0,
      "28": 0
    },
    "f": {
      "0": 0,
      "1": 0,
      "2": 0,
      "3": 0,
      "4": 0,
      "5": 0,
      "6": 0,
      "7": 0,
      "8": 0,
      "9": 0,
      "10": 0
    },
    "b": {
      "0": [0, 0],
      "1": [0, 0],
      "2": [0, 0],
      "3": [0, 0],
      "4": [0, 0],
      "5": [0, 0],
      "6": [0, 0]
    },
    "meta": {
      "lastBranch": 7,
      "lastFunction": 11,
      "lastStatement": 29,
      "seen": {
        "s:11:19:11:Infinity": 0,
        "s:12:20:12:Infinity": 1,
        "s:14:6:28:Infinity": 2,
        "f:14:6:14:27": 0,
        "s:15:59:15:61": 3,
        "s:17:2:26:Infinity": 4,
        "f:17:11:17:20": 1,
        "s:18:27:18:Infinity": 5,
        "b:20:4:22:Infinity:undefined:undefined:undefined:undefined": 0,
        "s:20:4:22:Infinity": 6,
        "s:21:6:21:Infinity": 7,
        "s:22:6:22:Infinity": 8,
        "s:25:4:25:Infinity": 9,
        "s:28:2:28:Infinity": 10,
        "s:31:6:34:Infinity": 11,
        "f:31:6:31:21": 2,
        "s:31:68:34:Infinity": 12,
        "s:36:6:38:Infinity": 13,
        "f:36:6:36:27": 3,
        "s:36:74:37:Infinity": 14,
        "s:40:6:42:Infinity": 15,
        "f:40:6:40:26": 4,
        "s:40:63:41:Infinity": 16,
        "s:44:6:131:Infinity": 17,
        "f:44:6:44:20": 5,
        "s:45:23:45:50": 18,
        "s:46:24:46:Infinity": 19,
        "s:47:24:51:Infinity": 20,
        "s:53:2:131:Infinity": 21,
        "f:65:28:65:33": 6,
        "s:66:16:68:Infinity": 22,
        "f:72:24:72:29": 7,
        "s:73:16:75:Infinity": 23,
        "f:82:18:82:23": 8,
        "s:83:12:127:Infinity": 24,
        "f:93:27:93:32": 9,
        "s:94:35:94:Infinity": 25,
        "s:95:36:95:Infinity": 26,
        "s:97:16:124:Infinity": 27,
        "b:101:57:101:70:101:70:101:Infinity": 1,
        "f:102:20:102:35": 10,
        "s:102:35:102:56": 28,
        "b:106:73:106:87:106:87:106:94": 2,
        "b:107:25:107:42:107:42:107:Infinity": 3,
        "b:115:24:117:25:117:24:120:Infinity": 4,
        "b:117:86:117:98:117:98:117:104": 5,
        "b:119:27:119:44:119:44:119:Infinity": 6
      }
    }
  },
  "/Users/dylan/CodeBuddy/agile-construction/src/components/project/GanttTaskPanel.tsx": {
    "path": "/Users/dylan/CodeBuddy/agile-construction/src/components/project/GanttTaskPanel.tsx",
    "statementMap": {
      "0": { "start": { "line": 8, "column": 6 }, "end": { "line": 95, "column": null } },
      "1": { "start": { "line": 9, "column": 2 }, "end": { "line": 10, "column": null } },
      "2": { "start": { "line": 10, "column": 4 }, "end": { "line": 10, "column": null } },
      "3": { "start": { "line": 13, "column": 2 }, "end": { "line": 95, "column": null } },
      "4": { "start": { "line": 76, "column": 12 }, "end": { "line": 78, "column": null } },
      "5": { "start": { "line": 88, "column": 14 }, "end": { "line": 90, "column": null } }
    },
    "fnMap": {
      "0": {
        "name": "(anonymous_0)",
        "decl": { "start": { "line": 8, "column": 6 }, "end": { "line": 8, "column": 24 } },
        "loc": { "start": { "line": 8, "column": 71 }, "end": { "line": 95, "column": null } },
        "line": 8
      },
      "1": {
        "name": "(anonymous_1)",
        "decl": { "start": { "line": 75, "column": 21 }, "end": { "line": 75, "column": 26 } },
        "loc": { "start": { "line": 76, "column": 12 }, "end": { "line": 78, "column": null } },
        "line": 76
      },
      "2": {
        "name": "(anonymous_2)",
        "decl": { "start": { "line": 87, "column": 30 }, "end": { "line": 87, "column": 35 } },
        "loc": { "start": { "line": 88, "column": 14 }, "end": { "line": 90, "column": null } },
        "line": 88
      }
    },
    "branchMap": {
      "0": {
        "loc": { "start": { "line": 9, "column": 2 }, "end": { "line": 10, "column": null } },
        "type": "if",
        "locations": [
          { "start": { "line": 9, "column": 2 }, "end": { "line": 10, "column": null } },
          { "start": {}, "end": {} }
        ],
        "line": 9
      },
      "1": {
        "loc": { "start": { "line": 32, "column": 19 }, "end": { "line": 32, "column": 71 } },
        "type": "cond-expr",
        "locations": [
          { "start": { "line": 32, "column": 47 }, "end": { "line": 32, "column": 55 } },
          { "start": { "line": 32, "column": 55 }, "end": { "line": 32, "column": 71 } }
        ],
        "line": 32
      },
      "2": {
        "loc": { "start": { "line": 65, "column": 19 }, "end": { "line": 65, "column": 65 } },
        "type": "cond-expr",
        "locations": [
          { "start": { "line": 65, "column": 35 }, "end": { "line": 65, "column": 47 } },
          { "start": { "line": 65, "column": 47 }, "end": { "line": 65, "column": 65 } }
        ],
        "line": 65
      },
      "3": {
        "loc": { "start": { "line": 67, "column": 41 }, "end": { "line": 67, "column": null } },
        "type": "cond-expr",
        "locations": [
          { "start": { "line": 67, "column": 57 }, "end": { "line": 67, "column": 68 } },
          { "start": { "line": 67, "column": 68 }, "end": { "line": 67, "column": null } }
        ],
        "line": 67
      },
      "4": {
        "loc": { "start": { "line": 86, "column": 11 }, "end": { "line": 93, "column": null } },
        "type": "cond-expr",
        "locations": [
          { "start": { "line": 87, "column": 12 }, "end": { "line": 90, "column": null } },
          { "start": { "line": 93, "column": 12 }, "end": { "line": 93, "column": null } }
        ],
        "line": 86
      }
    },
    "s": { "0": 1, "1": 0, "2": 0, "3": 0, "4": 0, "5": 0 },
    "f": { "0": 0, "1": 0, "2": 0 },
    "b": { "0": [0, 0], "1": [0, 0], "2": [0, 0], "3": [0, 0], "4": [0, 0] },
    "meta": {
      "lastBranch": 5,
      "lastFunction": 3,
      "lastStatement": 6,
      "seen": {
        "s:8:6:95:Infinity": 0,
        "f:8:6:8:24": 0,
        "b:9:2:10:Infinity:undefined:undefined:undefined:undefined": 0,
        "s:9:2:10:Infinity": 1,
        "s:10:4:10:Infinity": 2,
        "s:13:2:95:Infinity": 3,
        "b:32:47:32:55:32:55:32:71": 1,
        "b:65:35:65:47:65:47:65:65": 2,
        "b:67:57:67:68:67:68:67:Infinity": 3,
        "f:75:21:75:26": 1,
        "s:76:12:78:Infinity": 4,
        "b:87:12:90:Infinity:93:12:93:Infinity": 4,
        "f:87:30:87:35": 2,
        "s:88:14:90:Infinity": 5
      }
    }
  },
  "/Users/dylan/CodeBuddy/agile-construction/src/components/project/PhasesCard.tsx": {
    "path": "/Users/dylan/CodeBuddy/agile-construction/src/components/project/PhasesCard.tsx",
    "statementMap": {
      "0": { "start": { "line": 1, "column": 19 }, "end": { "line": 1, "column": null } },
      "1": { "start": { "line": 14, "column": 37 }, "end": { "line": 39, "column": null } },
      "2": { "start": { "line": 41, "column": 19 }, "end": { "line": 48, "column": null } },
      "3": { "start": { "line": 50, "column": 6 }, "end": { "line": 101, "column": null } },
      "4": { "start": { "line": 51, "column": 2 }, "end": { "line": 101, "column": null } },
      "5": { "start": { "line": 60, "column": 10 }, "end": { "line": 85, "column": null } },
      "6": { "start": { "line": 92, "column": 10 }, "end": { "line": 99, "column": null } }
    },
    "fnMap": {
      "0": {
        "name": "(anonymous_0)",
        "decl": { "start": { "line": 50, "column": 6 }, "end": { "line": 50, "column": 25 } },
        "loc": { "start": { "line": 50, "column": 25 }, "end": { "line": 101, "column": null } },
        "line": 50
      },
      "1": {
        "name": "(anonymous_1)",
        "decl": { "start": { "line": 59, "column": 16 }, "end": { "line": 59, "column": 21 } },
        "loc": { "start": { "line": 60, "column": 10 }, "end": { "line": 85, "column": null } },
        "line": 60
      },
      "2": {
        "name": "(anonymous_2)",
        "decl": { "start": { "line": 91, "column": 20 }, "end": { "line": 91, "column": 25 } },
        "loc": { "start": { "line": 92, "column": 10 }, "end": { "line": 99, "column": null } },
        "line": 92
      }
    },
    "branchMap": {
      "0": {
        "loc": { "start": { "line": 63, "column": 15 }, "end": { "line": 63, "column": null } },
        "type": "binary-expr",
        "locations": [
          { "start": { "line": 63, "column": 15 }, "end": { "line": 63, "column": 33 } },
          { "start": { "line": 63, "column": 33 }, "end": { "line": 63, "column": null } }
        ],
        "line": 63
      },
      "1": {
        "loc": { "start": { "line": 73, "column": 21 }, "end": { "line": 78, "column": null } },
        "type": "binary-expr",
        "locations": [
          { "start": { "line": 73, "column": 21 }, "end": { "line": 73, "column": null } },
          { "start": { "line": 74, "column": 22 }, "end": { "line": 78, "column": null } }
        ],
        "line": 73
      },
      "2": {
        "loc": { "start": { "line": 77, "column": 54 }, "end": { "line": 77, "column": null } },
        "type": "cond-expr",
        "locations": [
          { "start": { "line": 77, "column": 77 }, "end": { "line": 77, "column": 93 } },
          { "start": { "line": 77, "column": 93 }, "end": { "line": 77, "column": null } }
        ],
        "line": 77
      }
    },
    "s": { "0": 1, "1": 1, "2": 1, "3": 1, "4": 1, "5": 6, "6": 6 },
    "f": { "0": 1, "1": 6, "2": 6 },
    "b": { "0": [6, 5], "1": [6, 4], "2": [2, 2] },
    "meta": {
      "lastBranch": 3,
      "lastFunction": 3,
      "lastStatement": 7,
      "seen": {
        "s:1:19:1:Infinity": 0,
        "s:14:37:39:Infinity": 1,
        "s:41:19:48:Infinity": 2,
        "s:50:6:101:Infinity": 3,
        "f:50:6:50:25": 0,
        "s:51:2:101:Infinity": 4,
        "f:59:16:59:21": 1,
        "s:60:10:85:Infinity": 5,
        "b:63:15:63:33:63:33:63:Infinity": 0,
        "b:73:21:73:Infinity:74:22:78:Infinity": 1,
        "b:77:77:77:93:77:93:77:Infinity": 2,
        "f:91:20:91:25": 2,
        "s:92:10:99:Infinity": 6
      }
    }
  },
  "/Users/dylan/CodeBuddy/agile-construction/src/components/project/ProjectBreadcrumb.tsx": {
    "path": "/Users/dylan/CodeBuddy/agile-construction/src/components/project/ProjectBreadcrumb.tsx",
    "statementMap": {
      "0": { "start": { "line": 6, "column": 19 }, "end": { "line": 6, "column": null } },
      "1": { "start": { "line": 8, "column": 6 }, "end": { "line": 18, "column": null } },
      "2": { "start": { "line": 9, "column": 2 }, "end": { "line": 18, "column": null } }
    },
    "fnMap": {
      "0": {
        "name": "(anonymous_0)",
        "decl": { "start": { "line": 8, "column": 6 }, "end": { "line": 8, "column": 27 } },
        "loc": { "start": { "line": 8, "column": 79 }, "end": { "line": 18, "column": null } },
        "line": 8
      }
    },
    "branchMap": {},
    "s": { "0": 1, "1": 1, "2": 1 },
    "f": { "0": 1 },
    "b": {},
    "meta": {
      "lastBranch": 0,
      "lastFunction": 1,
      "lastStatement": 3,
      "seen": {
        "s:6:19:6:Infinity": 0,
        "s:8:6:18:Infinity": 1,
        "f:8:6:8:27": 0,
        "s:9:2:18:Infinity": 2
      }
    }
  },
  "/Users/dylan/CodeBuddy/agile-construction/src/components/project/ProjectDetailPage.tsx": {
    "path": "/Users/dylan/CodeBuddy/agile-construction/src/components/project/ProjectDetailPage.tsx",
    "statementMap": {
      "0": { "start": { "line": 26, "column": 6 }, "end": { "line": 84, "column": null } },
      "1": { "start": { "line": 28, "column": 4 }, "end": { "line": 28, "column": null } },
      "2": { "start": { "line": 30, "column": 8 }, "end": { "line": 68, "column": null } },
      "3": { "start": { "line": 31, "column": 4 }, "end": { "line": 38, "column": null } },
      "4": { "start": { "line": 32, "column": 6 }, "end": { "line": 38, "column": null } },
      "5": { "start": { "line": 44, "column": 4 }, "end": { "line": 45, "column": null } },
      "6": { "start": { "line": 45, "column": 6 }, "end": { "line": 45, "column": null } },
      "7": { "start": { "line": 48, "column": 4 }, "end": { "line": 49, "column": null } },
      "8": { "start": { "line": 49, "column": 6 }, "end": { "line": 49, "column": null } },
      "9": { "start": { "line": 52, "column": 4 }, "end": { "line": 53, "column": null } },
      "10": { "start": { "line": 53, "column": 6 }, "end": { "line": 53, "column": null } },
      "11": { "start": { "line": 56, "column": 4 }, "end": { "line": 57, "column": null } },
      "12": { "start": { "line": 57, "column": 6 }, "end": { "line": 57, "column": null } },
      "13": { "start": { "line": 60, "column": 4 }, "end": { "line": 61, "column": null } },
      "14": { "start": { "line": 61, "column": 6 }, "end": { "line": 61, "column": null } },
      "15": { "start": { "line": 64, "column": 4 }, "end": { "line": 65, "column": null } },
      "16": { "start": { "line": 65, "column": 6 }, "end": { "line": 65, "column": null } },
      "17": { "start": { "line": 68, "column": 4 }, "end": { "line": 68, "column": null } },
      "18": { "start": { "line": 71, "column": 2 }, "end": { "line": 84, "column": null } }
    },
    "fnMap": {
      "0": {
        "name": "(anonymous_0)",
        "decl": { "start": { "line": 26, "column": 6 }, "end": { "line": 26, "column": 27 } },
        "loc": { "start": { "line": 26, "column": 86 }, "end": { "line": 84, "column": null } },
        "line": 26
      },
      "1": {
        "name": "(anonymous_1)",
        "decl": { "start": { "line": 30, "column": 8 }, "end": { "line": 30, "column": 33 } },
        "loc": { "start": { "line": 30, "column": 33 }, "end": { "line": 68, "column": null } },
        "line": 30
      }
    },
    "branchMap": {
      "0": {
        "loc": { "start": { "line": 28, "column": 4 }, "end": { "line": 28, "column": null } },
        "type": "cond-expr",
        "locations": [
          { "start": { "line": 28, "column": 36 }, "end": { "line": 28, "column": 51 } },
          { "start": { "line": 28, "column": 51 }, "end": { "line": 28, "column": null } }
        ],
        "line": 28
      },
      "1": {
        "loc": { "start": { "line": 28, "column": 51 }, "end": { "line": 28, "column": null } },
        "type": "binary-expr",
        "locations": [
          { "start": { "line": 28, "column": 51 }, "end": { "line": 28, "column": 75 } },
          { "start": { "line": 28, "column": 75 }, "end": { "line": 28, "column": null } }
        ],
        "line": 28
      },
      "2": {
        "loc": { "start": { "line": 31, "column": 4 }, "end": { "line": 38, "column": null } },
        "type": "if",
        "locations": [
          { "start": { "line": 31, "column": 4 }, "end": { "line": 38, "column": null } },
          { "start": {}, "end": {} }
        ],
        "line": 31
      },
      "3": {
        "loc": { "start": { "line": 44, "column": 4 }, "end": { "line": 45, "column": null } },
        "type": "if",
        "locations": [
          { "start": { "line": 44, "column": 4 }, "end": { "line": 45, "column": null } },
          { "start": {}, "end": {} }
        ],
        "line": 44
      },
      "4": {
        "loc": { "start": { "line": 48, "column": 4 }, "end": { "line": 49, "column": null } },
        "type": "if",
        "locations": [
          { "start": { "line": 48, "column": 4 }, "end": { "line": 49, "column": null } },
          { "start": {}, "end": {} }
        ],
        "line": 48
      },
      "5": {
        "loc": { "start": { "line": 52, "column": 4 }, "end": { "line": 53, "column": null } },
        "type": "if",
        "locations": [
          { "start": { "line": 52, "column": 4 }, "end": { "line": 53, "column": null } },
          { "start": {}, "end": {} }
        ],
        "line": 52
      },
      "6": {
        "loc": { "start": { "line": 56, "column": 4 }, "end": { "line": 57, "column": null } },
        "type": "if",
        "locations": [
          { "start": { "line": 56, "column": 4 }, "end": { "line": 57, "column": null } },
          { "start": {}, "end": {} }
        ],
        "line": 56
      },
      "7": {
        "loc": { "start": { "line": 60, "column": 4 }, "end": { "line": 61, "column": null } },
        "type": "if",
        "locations": [
          { "start": { "line": 60, "column": 4 }, "end": { "line": 61, "column": null } },
          { "start": {}, "end": {} }
        ],
        "line": 60
      },
      "8": {
        "loc": { "start": { "line": 64, "column": 4 }, "end": { "line": 65, "column": null } },
        "type": "if",
        "locations": [
          { "start": { "line": 64, "column": 4 }, "end": { "line": 65, "column": null } },
          { "start": {}, "end": {} }
        ],
        "line": 64
      }
    },
    "s": {
      "0": 1,
      "1": 1,
      "2": 1,
      "3": 1,
      "4": 1,
      "5": 0,
      "6": 0,
      "7": 0,
      "8": 0,
      "9": 0,
      "10": 0,
      "11": 0,
      "12": 0,
      "13": 0,
      "14": 0,
      "15": 0,
      "16": 0,
      "17": 0,
      "18": 1
    },
    "f": { "0": 1, "1": 1 },
    "b": {
      "0": [0, 1],
      "1": [1, 1],
      "2": [1, 0],
      "3": [0, 0],
      "4": [0, 0],
      "5": [0, 0],
      "6": [0, 0],
      "7": [0, 0],
      "8": [0, 0]
    },
    "meta": {
      "lastBranch": 9,
      "lastFunction": 2,
      "lastStatement": 19,
      "seen": {
        "s:26:6:84:Infinity": 0,
        "f:26:6:26:27": 0,
        "s:28:4:28:Infinity": 1,
        "b:28:36:28:51:28:51:28:Infinity": 0,
        "b:28:51:28:75:28:75:28:Infinity": 1,
        "s:30:8:68:Infinity": 2,
        "f:30:8:30:33": 1,
        "b:31:4:38:Infinity:undefined:undefined:undefined:undefined": 2,
        "s:31:4:38:Infinity": 3,
        "s:32:6:38:Infinity": 4,
        "b:44:4:45:Infinity:undefined:undefined:undefined:undefined": 3,
        "s:44:4:45:Infinity": 5,
        "s:45:6:45:Infinity": 6,
        "b:48:4:49:Infinity:undefined:undefined:undefined:undefined": 4,
        "s:48:4:49:Infinity": 7,
        "s:49:6:49:Infinity": 8,
        "b:52:4:53:Infinity:undefined:undefined:undefined:undefined": 5,
        "s:52:4:53:Infinity": 9,
        "s:53:6:53:Infinity": 10,
        "b:56:4:57:Infinity:undefined:undefined:undefined:undefined": 6,
        "s:56:4:57:Infinity": 11,
        "s:57:6:57:Infinity": 12,
        "b:60:4:61:Infinity:undefined:undefined:undefined:undefined": 7,
        "s:60:4:61:Infinity": 13,
        "s:61:6:61:Infinity": 14,
        "b:64:4:65:Infinity:undefined:undefined:undefined:undefined": 8,
        "s:64:4:65:Infinity": 15,
        "s:65:6:65:Infinity": 16,
        "s:68:4:68:Infinity": 17,
        "s:71:2:84:Infinity": 18
      }
    }
  },
  "/Users/dylan/CodeBuddy/agile-construction/src/components/project/ProjectGanttView.tsx": {
    "path": "/Users/dylan/CodeBuddy/agile-construction/src/components/project/ProjectGanttView.tsx",
    "statementMap": {
      "0": { "start": { "line": 12, "column": 6 }, "end": { "line": 85, "column": null } },
      "1": { "start": { "line": 13, "column": 8 }, "end": { "line": 13, "column": 74 } },
      "2": { "start": { "line": 13, "column": 20 }, "end": { "line": 13, "column": 62 } },
      "3": { "start": { "line": 14, "column": 25 }, "end": { "line": 14, "column": 77 } },
      "4": { "start": { "line": 16, "column": 2 }, "end": { "line": 19, "column": null } },
      "5": { "start": { "line": 18, "column": 4 }, "end": { "line": 18, "column": null } },
      "6": { "start": { "line": 21, "column": 8 }, "end": { "line": 23, "column": null } },
      "7": { "start": { "line": 22, "column": 10 }, "end": { "line": 22, "column": 56 } },
      "8": { "start": { "line": 22, "column": 44 }, "end": { "line": 22, "column": 56 } },
      "9": { "start": { "line": 26, "column": 8 }, "end": { "line": 28, "column": null } },
      "10": { "start": { "line": 27, "column": 10 }, "end": { "line": 27, "column": null } },
      "11": { "start": { "line": 30, "column": 21 }, "end": { "line": 30, "column": null } },
      "12": { "start": { "line": 32, "column": 2 }, "end": { "line": 85, "column": null } },
      "13": { "start": { "line": 61, "column": 16 }, "end": { "line": 64, "column": null } }
    },
    "fnMap": {
      "0": {
        "name": "(anonymous_0)",
        "decl": { "start": { "line": 12, "column": 6 }, "end": { "line": 12, "column": 26 } },
        "loc": { "start": { "line": 12, "column": 65 }, "end": { "line": 85, "column": null } },
        "line": 12
      },
      "1": {
        "name": "(anonymous_1)",
        "decl": { "start": { "line": 13, "column": 20 }, "end": { "line": 13, "column": 34 } },
        "loc": { "start": { "line": 13, "column": 20 }, "end": { "line": 13, "column": 62 } },
        "line": 13
      },
      "2": {
        "name": "(anonymous_2)",
        "decl": { "start": { "line": 16, "column": 2 }, "end": { "line": 16, "column": 18 } },
        "loc": { "start": { "line": 16, "column": 18 }, "end": { "line": 19, "column": 6 } },
        "line": 16
      },
      "3": {
        "name": "(anonymous_3)",
        "decl": { "start": { "line": 21, "column": 20 }, "end": { "line": 21, "column": null } },
        "loc": { "start": { "line": 22, "column": 10 }, "end": { "line": 22, "column": 56 } },
        "line": 22
      },
      "4": {
        "name": "(anonymous_4)",
        "decl": { "start": { "line": 22, "column": 27 }, "end": { "line": 22, "column": 35 } },
        "loc": { "start": { "line": 22, "column": 44 }, "end": { "line": 22, "column": 56 } },
        "line": 22
      },
      "5": {
        "name": "(anonymous_5)",
        "decl": { "start": { "line": 26, "column": 23 }, "end": { "line": 26, "column": null } },
        "loc": { "start": { "line": 27, "column": 10 }, "end": { "line": 27, "column": null } },
        "line": 27
      },
      "6": {
        "name": "(anonymous_6)",
        "decl": { "start": { "line": 60, "column": 32 }, "end": { "line": 60, "column": 36 } },
        "loc": { "start": { "line": 61, "column": 16 }, "end": { "line": 64, "column": null } },
        "line": 61
      }
    },
    "branchMap": {
      "0": {
        "loc": { "start": { "line": 27, "column": 10 }, "end": { "line": 27, "column": null } },
        "type": "binary-expr",
        "locations": [
          { "start": { "line": 27, "column": 10 }, "end": { "line": 27, "column": 60 } },
          { "start": { "line": 27, "column": 64 }, "end": { "line": 27, "column": 80 } },
          { "start": { "line": 27, "column": 80 }, "end": { "line": 27, "column": null } }
        ],
        "line": 27
      },
      "1": {
        "loc": { "start": { "line": 30, "column": 21 }, "end": { "line": 30, "column": null } },
        "type": "cond-expr",
        "locations": [
          { "start": { "line": 30, "column": 46 }, "end": { "line": 30, "column": 57 } },
          { "start": { "line": 30, "column": 57 }, "end": { "line": 30, "column": null } }
        ],
        "line": 30
      }
    },
    "s": {
      "0": 1,
      "1": 0,
      "2": 0,
      "3": 0,
      "4": 0,
      "5": 0,
      "6": 0,
      "7": 0,
      "8": 0,
      "9": 0,
      "10": 0,
      "11": 0,
      "12": 0,
      "13": 0
    },
    "f": { "0": 0, "1": 0, "2": 0, "3": 0, "4": 0, "5": 0, "6": 0 },
    "b": { "0": [0, 0, 0], "1": [0, 0] },
    "meta": {
      "lastBranch": 2,
      "lastFunction": 7,
      "lastStatement": 14,
      "seen": {
        "s:12:6:85:Infinity": 0,
        "f:12:6:12:26": 0,
        "s:13:8:13:74": 1,
        "f:13:20:13:34": 1,
        "s:13:20:13:62": 2,
        "s:14:25:14:77": 3,
        "s:16:2:19:Infinity": 4,
        "f:16:2:16:18": 2,
        "s:18:4:18:Infinity": 5,
        "s:21:8:23:Infinity": 6,
        "f:21:20:21:Infinity": 3,
        "s:22:10:22:56": 7,
        "f:22:27:22:35": 4,
        "s:22:44:22:56": 8,
        "s:26:8:28:Infinity": 9,
        "f:26:23:26:Infinity": 5,
        "s:27:10:27:Infinity": 10,
        "b:27:10:27:60:27:64:27:80:27:80:27:Infinity": 0,
        "s:30:21:30:Infinity": 11,
        "b:30:46:30:57:30:57:30:Infinity": 1,
        "s:32:2:85:Infinity": 12,
        "f:60:32:60:36": 6,
        "s:61:16:64:Infinity": 13
      }
    }
  },
  "/Users/dylan/CodeBuddy/agile-construction/src/components/project/ProjectInfoCard.tsx": {
    "path": "/Users/dylan/CodeBuddy/agile-construction/src/components/project/ProjectInfoCard.tsx",
    "statementMap": {
      "0": { "start": { "line": 7, "column": 19 }, "end": { "line": 7, "column": null } },
      "1": { "start": { "line": 9, "column": 6 }, "end": { "line": 41, "column": null } },
      "2": { "start": { "line": 10, "column": 2 }, "end": { "line": 41, "column": null } }
    },
    "fnMap": {
      "0": {
        "name": "(anonymous_0)",
        "decl": { "start": { "line": 9, "column": 6 }, "end": { "line": 9, "column": 25 } },
        "loc": { "start": { "line": 9, "column": 63 }, "end": { "line": 41, "column": null } },
        "line": 9
      }
    },
    "branchMap": {},
    "s": { "0": 1, "1": 1, "2": 1 },
    "f": { "0": 1 },
    "b": {},
    "meta": {
      "lastBranch": 0,
      "lastFunction": 1,
      "lastStatement": 3,
      "seen": {
        "s:7:19:7:Infinity": 0,
        "s:9:6:41:Infinity": 1,
        "f:9:6:9:25": 0,
        "s:10:2:41:Infinity": 2
      }
    }
  },
  "/Users/dylan/CodeBuddy/agile-construction/src/components/project/ProjectTabs.tsx": {
    "path": "/Users/dylan/CodeBuddy/agile-construction/src/components/project/ProjectTabs.tsx",
    "statementMap": {
      "0": { "start": { "line": 7, "column": 19 }, "end": { "line": 7, "column": null } },
      "1": { "start": { "line": 14, "column": 40 }, "end": { "line": 23, "column": null } },
      "2": { "start": { "line": 30, "column": 6 }, "end": { "line": 48, "column": null } },
      "3": { "start": { "line": 31, "column": 2 }, "end": { "line": 48, "column": null } },
      "4": { "start": { "line": 34, "column": 25 }, "end": { "line": 34, "column": null } },
      "5": { "start": { "line": 36, "column": 8 }, "end": { "line": 45, "column": null } }
    },
    "fnMap": {
      "0": {
        "name": "(anonymous_0)",
        "decl": { "start": { "line": 30, "column": 6 }, "end": { "line": 30, "column": 21 } },
        "loc": { "start": { "line": 30, "column": 70 }, "end": { "line": 48, "column": null } },
        "line": 30
      },
      "1": {
        "name": "(anonymous_1)",
        "decl": { "start": { "line": 33, "column": 12 }, "end": { "line": 33, "column": 17 } },
        "loc": { "start": { "line": 33, "column": 25 }, "end": { "line": 45, "column": null } },
        "line": 33
      }
    },
    "branchMap": {
      "0": {
        "loc": { "start": { "line": 40, "column": 34 }, "end": { "line": 40, "column": null } },
        "type": "cond-expr",
        "locations": [
          { "start": { "line": 40, "column": 45 }, "end": { "line": 40, "column": 56 } },
          { "start": { "line": 40, "column": 56 }, "end": { "line": 40, "column": null } }
        ],
        "line": 40
      },
      "1": {
        "loc": { "start": { "line": 41, "column": 26 }, "end": { "line": 41, "column": null } },
        "type": "cond-expr",
        "locations": [
          { "start": { "line": 41, "column": 37 }, "end": { "line": 41, "column": 46 } },
          { "start": { "line": 41, "column": 46 }, "end": { "line": 41, "column": null } }
        ],
        "line": 41
      }
    },
    "s": { "0": 1, "1": 1, "2": 1, "3": 1, "4": 8, "5": 8 },
    "f": { "0": 1, "1": 8 },
    "b": { "0": [1, 7], "1": [1, 7] },
    "meta": {
      "lastBranch": 2,
      "lastFunction": 2,
      "lastStatement": 6,
      "seen": {
        "s:7:19:7:Infinity": 0,
        "s:14:40:23:Infinity": 1,
        "s:30:6:48:Infinity": 2,
        "f:30:6:30:21": 0,
        "s:31:2:48:Infinity": 3,
        "f:33:12:33:17": 1,
        "s:34:25:34:Infinity": 4,
        "s:36:8:45:Infinity": 5,
        "b:40:45:40:56:40:56:40:Infinity": 0,
        "b:41:37:41:46:41:46:41:Infinity": 1
      }
    }
  },
  "/Users/dylan/CodeBuddy/agile-construction/src/components/project/SummaryCard.tsx": {
    "path": "/Users/dylan/CodeBuddy/agile-construction/src/components/project/SummaryCard.tsx",
    "statementMap": {
      "0": { "start": { "line": 7, "column": 6 }, "end": { "line": 29, "column": null } },
      "1": { "start": { "line": 8, "column": 2 }, "end": { "line": 29, "column": null } }
    },
    "fnMap": {
      "0": {
        "name": "(anonymous_0)",
        "decl": { "start": { "line": 7, "column": 6 }, "end": { "line": 7, "column": 21 } },
        "loc": { "start": { "line": 7, "column": 55 }, "end": { "line": 29, "column": null } },
        "line": 7
      }
    },
    "branchMap": {},
    "s": { "0": 1, "1": 1 },
    "f": { "0": 1 },
    "b": {},
    "meta": {
      "lastBranch": 0,
      "lastFunction": 1,
      "lastStatement": 2,
      "seen": { "s:7:6:29:Infinity": 0, "f:7:6:7:21": 0, "s:8:2:29:Infinity": 1 }
    }
  },
  "/Users/dylan/CodeBuddy/agile-construction/src/components/project/project-detail.css": {
    "path": "/Users/dylan/CodeBuddy/agile-construction/src/components/project/project-detail.css",
    "statementMap": {},
    "fnMap": {},
    "branchMap": {},
    "s": {},
    "f": {},
    "b": {},
    "meta": { "lastBranch": 0, "lastFunction": 0, "lastStatement": 0, "seen": {} }
  },
  "/Users/dylan/CodeBuddy/agile-construction/src/components/project/project-gantt.css": {
    "path": "/Users/dylan/CodeBuddy/agile-construction/src/components/project/project-gantt.css",
    "statementMap": {},
    "fnMap": {},
    "branchMap": {},
    "s": {},
    "f": {},
    "b": {},
    "meta": { "lastBranch": 0, "lastFunction": 0, "lastStatement": 0, "seen": {} }
  },
  "/Users/dylan/CodeBuddy/agile-construction/src/components/project/projectTabs.shared.ts": {
    "path": "/Users/dylan/CodeBuddy/agile-construction/src/components/project/projectTabs.shared.ts",
    "statementMap": {
      "0": { "start": { "line": 1, "column": 35 }, "end": { "line": 10, "column": null } },
      "1": { "start": { "line": 14, "column": 13 }, "end": { "line": 15, "column": 57 } },
      "2": { "start": { "line": 15, "column": 2 }, "end": { "line": 15, "column": 57 } },
      "3": { "start": { "line": 17, "column": 13 }, "end": { "line": 22, "column": null } },
      "4": { "start": { "line": 21, "column": 22 }, "end": { "line": 21, "column": 53 } },
      "5": { "start": { "line": 22, "column": 2 }, "end": { "line": 22, "column": null } },
      "6": { "start": { "line": 26, "column": 13 }, "end": { "line": 36, "column": null } },
      "7": { "start": { "line": 27, "column": 48 }, "end": { "line": 35, "column": null } },
      "8": { "start": { "line": 36, "column": 2 }, "end": { "line": 36, "column": null } },
      "9": { "start": { "line": 39, "column": 68 }, "end": { "line": 48, "column": null } }
    },
    "fnMap": {
      "0": {
        "name": "(anonymous_0)",
        "decl": { "start": { "line": 14, "column": 13 }, "end": { "line": 14, "column": 35 } },
        "loc": { "start": { "line": 15, "column": 2 }, "end": { "line": 15, "column": 57 } },
        "line": 15
      },
      "1": {
        "name": "(anonymous_1)",
        "decl": { "start": { "line": 17, "column": 13 }, "end": { "line": 17, "column": null } },
        "loc": { "start": { "line": 20, "column": 5 }, "end": { "line": 22, "column": null } },
        "line": 20
      },
      "2": {
        "name": "(anonymous_2)",
        "decl": { "start": { "line": 26, "column": 13 }, "end": { "line": 26, "column": 37 } },
        "loc": { "start": { "line": 26, "column": 74 }, "end": { "line": 36, "column": null } },
        "line": 26
      }
    },
    "branchMap": {
      "0": {
        "loc": { "start": { "line": 19, "column": 2 }, "end": { "line": 19, "column": null } },
        "type": "default-arg",
        "locations": [
          { "start": { "line": 19, "column": 26 }, "end": { "line": 19, "column": null } }
        ],
        "line": 19
      },
      "1": {
        "loc": { "start": { "line": 22, "column": 9 }, "end": { "line": 22, "column": null } },
        "type": "cond-expr",
        "locations": [
          { "start": { "line": 22, "column": 30 }, "end": { "line": 22, "column": 60 } },
          { "start": { "line": 22, "column": 60 }, "end": { "line": 22, "column": null } }
        ],
        "line": 22
      },
      "2": {
        "loc": { "start": { "line": 36, "column": 9 }, "end": { "line": 36, "column": null } },
        "type": "binary-expr",
        "locations": [
          { "start": { "line": 36, "column": 9 }, "end": { "line": 36, "column": 24 } },
          { "start": { "line": 36, "column": 24 }, "end": { "line": 36, "column": null } }
        ],
        "line": 36
      }
    },
    "s": { "0": 1, "1": 1, "2": 0, "3": 1, "4": 8, "5": 8, "6": 1, "7": 0, "8": 0, "9": 1 },
    "f": { "0": 0, "1": 8, "2": 0 },
    "b": { "0": [8], "1": [1, 7], "2": [0, 0] },
    "meta": {
      "lastBranch": 3,
      "lastFunction": 3,
      "lastStatement": 10,
      "seen": {
        "s:1:35:10:Infinity": 0,
        "s:14:13:15:57": 1,
        "f:14:13:14:35": 0,
        "s:15:2:15:57": 2,
        "s:17:13:22:Infinity": 3,
        "f:17:13:17:Infinity": 1,
        "b:19:26:19:Infinity": 0,
        "s:21:22:21:53": 4,
        "s:22:2:22:Infinity": 5,
        "b:22:30:22:60:22:60:22:Infinity": 1,
        "s:26:13:36:Infinity": 6,
        "f:26:13:26:37": 2,
        "s:27:48:35:Infinity": 7,
        "s:36:2:36:Infinity": 8,
        "b:36:9:36:24:36:24:36:Infinity": 2,
        "s:39:68:48:Infinity": 9
      }
    }
  },
  "/Users/dylan/CodeBuddy/agile-construction/src/components/project/tabs/ProjectCostTab.tsx": {
    "path": "/Users/dylan/CodeBuddy/agile-construction/src/components/project/tabs/ProjectCostTab.tsx",
    "statementMap": {
      "0": { "start": { "line": 7, "column": 6 }, "end": { "line": 16, "column": null } },
      "1": { "start": { "line": 8, "column": 2 }, "end": { "line": 16, "column": null } }
    },
    "fnMap": {
      "0": {
        "name": "(anonymous_0)",
        "decl": { "start": { "line": 7, "column": 6 }, "end": { "line": 7, "column": 24 } },
        "loc": { "start": { "line": 7, "column": 61 }, "end": { "line": 16, "column": null } },
        "line": 7
      }
    },
    "branchMap": {},
    "s": { "0": 1, "1": 0 },
    "f": { "0": 0 },
    "b": {},
    "meta": {
      "lastBranch": 0,
      "lastFunction": 1,
      "lastStatement": 2,
      "seen": { "s:7:6:16:Infinity": 0, "f:7:6:7:24": 0, "s:8:2:16:Infinity": 1 }
    }
  },
  "/Users/dylan/CodeBuddy/agile-construction/src/components/project/tabs/ProjectQualityTab.tsx": {
    "path": "/Users/dylan/CodeBuddy/agile-construction/src/components/project/tabs/ProjectQualityTab.tsx",
    "statementMap": {
      "0": { "start": { "line": 7, "column": 6 }, "end": { "line": 16, "column": null } },
      "1": { "start": { "line": 8, "column": 2 }, "end": { "line": 16, "column": null } }
    },
    "fnMap": {
      "0": {
        "name": "(anonymous_0)",
        "decl": { "start": { "line": 7, "column": 6 }, "end": { "line": 7, "column": 27 } },
        "loc": { "start": { "line": 7, "column": 67 }, "end": { "line": 16, "column": null } },
        "line": 7
      }
    },
    "branchMap": {
      "0": {
        "loc": { "start": { "line": 13, "column": 17 }, "end": { "line": 13, "column": 55 } },
        "type": "binary-expr",
        "locations": [
          { "start": { "line": 13, "column": 17 }, "end": { "line": 13, "column": 45 } },
          { "start": { "line": 13, "column": 45 }, "end": { "line": 13, "column": 55 } }
        ],
        "line": 13
      }
    },
    "s": { "0": 1, "1": 0 },
    "f": { "0": 0 },
    "b": { "0": [0, 0] },
    "meta": {
      "lastBranch": 1,
      "lastFunction": 1,
      "lastStatement": 2,
      "seen": {
        "s:7:6:16:Infinity": 0,
        "f:7:6:7:27": 0,
        "s:8:2:16:Infinity": 1,
        "b:13:17:13:45:13:45:13:55": 0
      }
    }
  },
  "/Users/dylan/CodeBuddy/agile-construction/src/components/project/tabs/ProjectResourcesTab.tsx": {
    "path": "/Users/dylan/CodeBuddy/agile-construction/src/components/project/tabs/ProjectResourcesTab.tsx",
    "statementMap": {
      "0": { "start": { "line": 7, "column": 6 }, "end": { "line": 16, "column": null } },
      "1": { "start": { "line": 8, "column": 2 }, "end": { "line": 16, "column": null } }
    },
    "fnMap": {
      "0": {
        "name": "(anonymous_0)",
        "decl": { "start": { "line": 7, "column": 6 }, "end": { "line": 7, "column": 29 } },
        "loc": { "start": { "line": 7, "column": 71 }, "end": { "line": 16, "column": null } },
        "line": 7
      }
    },
    "branchMap": {},
    "s": { "0": 1, "1": 0 },
    "f": { "0": 0 },
    "b": {},
    "meta": {
      "lastBranch": 0,
      "lastFunction": 1,
      "lastStatement": 2,
      "seen": { "s:7:6:16:Infinity": 0, "f:7:6:7:29": 0, "s:8:2:16:Infinity": 1 }
    }
  },
  "/Users/dylan/CodeBuddy/agile-construction/src/components/project/tabs/ProjectRiskTab.tsx": {
    "path": "/Users/dylan/CodeBuddy/agile-construction/src/components/project/tabs/ProjectRiskTab.tsx",
    "statementMap": {
      "0": { "start": { "line": 7, "column": 6 }, "end": { "line": 16, "column": null } },
      "1": { "start": { "line": 8, "column": 2 }, "end": { "line": 16, "column": null } }
    },
    "fnMap": {
      "0": {
        "name": "(anonymous_0)",
        "decl": { "start": { "line": 7, "column": 6 }, "end": { "line": 7, "column": 24 } },
        "loc": { "start": { "line": 7, "column": 61 }, "end": { "line": 16, "column": null } },
        "line": 7
      }
    },
    "branchMap": {
      "0": {
        "loc": { "start": { "line": 13, "column": 17 }, "end": { "line": 13, "column": 48 } },
        "type": "binary-expr",
        "locations": [
          { "start": { "line": 13, "column": 17 }, "end": { "line": 13, "column": 38 } },
          { "start": { "line": 13, "column": 38 }, "end": { "line": 13, "column": 48 } }
        ],
        "line": 13
      }
    },
    "s": { "0": 1, "1": 0 },
    "f": { "0": 0 },
    "b": { "0": [0, 0] },
    "meta": {
      "lastBranch": 1,
      "lastFunction": 1,
      "lastStatement": 2,
      "seen": {
        "s:7:6:16:Infinity": 0,
        "f:7:6:7:24": 0,
        "s:8:2:16:Infinity": 1,
        "b:13:17:13:38:13:38:13:48": 0
      }
    }
  },
  "/Users/dylan/CodeBuddy/agile-construction/src/components/project/tabs/ProjectScopeTab.tsx": {
    "path": "/Users/dylan/CodeBuddy/agile-construction/src/components/project/tabs/ProjectScopeTab.tsx",
    "statementMap": {
      "0": { "start": { "line": 7, "column": 6 }, "end": { "line": 17, "column": null } },
      "1": { "start": { "line": 8, "column": 2 }, "end": { "line": 17, "column": null } }
    },
    "fnMap": {
      "0": {
        "name": "(anonymous_0)",
        "decl": { "start": { "line": 7, "column": 6 }, "end": { "line": 7, "column": 25 } },
        "loc": { "start": { "line": 7, "column": 63 }, "end": { "line": 17, "column": null } },
        "line": 7
      }
    },
    "branchMap": {},
    "s": { "0": 1, "1": 0 },
    "f": { "0": 0 },
    "b": {},
    "meta": {
      "lastBranch": 0,
      "lastFunction": 1,
      "lastStatement": 2,
      "seen": { "s:7:6:17:Infinity": 0, "f:7:6:7:25": 0, "s:8:2:17:Infinity": 1 }
    }
  },
  "/Users/dylan/CodeBuddy/agile-construction/src/components/project/tabs/ProjectSettingsTab.tsx": {
    "path": "/Users/dylan/CodeBuddy/agile-construction/src/components/project/tabs/ProjectSettingsTab.tsx",
    "statementMap": {
      "0": { "start": { "line": 7, "column": 6 }, "end": { "line": 15, "column": null } },
      "1": { "start": { "line": 8, "column": 2 }, "end": { "line": 15, "column": null } }
    },
    "fnMap": {
      "0": {
        "name": "(anonymous_0)",
        "decl": { "start": { "line": 7, "column": 6 }, "end": { "line": 7, "column": 28 } },
        "loc": { "start": { "line": 7, "column": 69 }, "end": { "line": 15, "column": null } },
        "line": 7
      }
    },
    "branchMap": {},
    "s": { "0": 1, "1": 0 },
    "f": { "0": 0 },
    "b": {},
    "meta": {
      "lastBranch": 0,
      "lastFunction": 1,
      "lastStatement": 2,
      "seen": { "s:7:6:15:Infinity": 0, "f:7:6:7:28": 0, "s:8:2:15:Infinity": 1 }
    }
  },
  "/Users/dylan/CodeBuddy/agile-construction/src/components/shared/ProjectCard.css": {
    "path": "/Users/dylan/CodeBuddy/agile-construction/src/components/shared/ProjectCard.css",
    "statementMap": {},
    "fnMap": {},
    "branchMap": {},
    "s": {},
    "f": {},
    "b": {},
    "meta": { "lastBranch": 0, "lastFunction": 0, "lastStatement": 0, "seen": {} }
  },
  "/Users/dylan/CodeBuddy/agile-construction/src/components/shared/ProjectCard.tsx": {
    "path": "/Users/dylan/CodeBuddy/agile-construction/src/components/shared/ProjectCard.tsx",
    "statementMap": {
      "0": { "start": { "line": 13, "column": 20 }, "end": { "line": 13, "column": null } },
      "1": { "start": { "line": 14, "column": 8 }, "end": { "line": 14, "column": 79 } },
      "2": { "start": { "line": 14, "column": 40 }, "end": { "line": 14, "column": 58 } },
      "3": { "start": { "line": 15, "column": 15 }, "end": { "line": 15, "column": null } },
      "4": { "start": { "line": 17, "column": 2 }, "end": { "line": 71, "column": null } },
      "5": { "start": { "line": 18, "column": 4 }, "end": { "line": 71, "column": null } },
      "6": { "start": { "line": 76, "column": 2 }, "end": { "line": 112, "column": null } },
      "7": { "start": { "line": 77, "column": 4 }, "end": { "line": 112, "column": null } },
      "8": { "start": { "line": 118, "column": 2 }, "end": { "line": 136, "column": null } }
    },
    "fnMap": {
      "0": {
        "name": "ProjectCard",
        "decl": { "start": { "line": 12, "column": 9 }, "end": { "line": 12, "column": 21 } },
        "loc": { "start": { "line": 12, "column": 86 }, "end": { "line": 136, "column": null } },
        "line": 12
      },
      "1": {
        "name": "(anonymous_1)",
        "decl": { "start": { "line": 14, "column": 22 }, "end": { "line": 14, "column": 40 } },
        "loc": { "start": { "line": 14, "column": 40 }, "end": { "line": 14, "column": 58 } },
        "line": 14
      }
    },
    "branchMap": {
      "0": {
        "loc": { "start": { "line": 12, "column": 50 }, "end": { "line": 12, "column": 86 } },
        "type": "default-arg",
        "locations": [
          { "start": { "line": 12, "column": 62 }, "end": { "line": 12, "column": 86 } }
        ],
        "line": 12
      },
      "1": {
        "loc": { "start": { "line": 15, "column": 15 }, "end": { "line": 15, "column": null } },
        "type": "binary-expr",
        "locations": [
          { "start": { "line": 15, "column": 15 }, "end": { "line": 15, "column": 37 } },
          { "start": { "line": 15, "column": 37 }, "end": { "line": 15, "column": null } }
        ],
        "line": 15
      },
      "2": {
        "loc": { "start": { "line": 17, "column": 2 }, "end": { "line": 71, "column": null } },
        "type": "if",
        "locations": [
          { "start": { "line": 17, "column": 2 }, "end": { "line": 71, "column": null } },
          { "start": {}, "end": {} }
        ],
        "line": 17
      },
      "3": {
        "loc": { "start": { "line": 21, "column": 17 }, "end": { "line": 21, "column": null } },
        "type": "cond-expr",
        "locations": [
          { "start": { "line": 21, "column": 29 }, "end": { "line": 21, "column": 43 } },
          { "start": { "line": 21, "column": 43 }, "end": { "line": 21, "column": null } }
        ],
        "line": 21
      },
      "4": {
        "loc": { "start": { "line": 22, "column": 15 }, "end": { "line": 22, "column": null } },
        "type": "cond-expr",
        "locations": [
          { "start": { "line": 22, "column": 27 }, "end": { "line": 22, "column": 48 } },
          { "start": { "line": 22, "column": 51 }, "end": { "line": 22, "column": null } }
        ],
        "line": 22
      },
      "5": {
        "loc": { "start": { "line": 46, "column": 38 }, "end": { "line": 46, "column": 60 } },
        "type": "binary-expr",
        "locations": [
          { "start": { "line": 46, "column": 38 }, "end": { "line": 46, "column": 58 } },
          { "start": { "line": 46, "column": 58 }, "end": { "line": 46, "column": 60 } }
        ],
        "line": 46
      },
      "6": {
        "loc": { "start": { "line": 65, "column": 43 }, "end": { "line": 65, "column": 95 } },
        "type": "binary-expr",
        "locations": [
          { "start": { "line": 65, "column": 43 }, "end": { "line": 65, "column": 64 } },
          { "start": { "line": 65, "column": 64 }, "end": { "line": 65, "column": 95 } }
        ],
        "line": 65
      },
      "7": {
        "loc": { "start": { "line": 76, "column": 2 }, "end": { "line": 112, "column": null } },
        "type": "if",
        "locations": [
          { "start": { "line": 76, "column": 2 }, "end": { "line": 112, "column": null } },
          { "start": {}, "end": {} }
        ],
        "line": 76
      },
      "8": {
        "loc": { "start": { "line": 80, "column": 17 }, "end": { "line": 80, "column": null } },
        "type": "cond-expr",
        "locations": [
          { "start": { "line": 80, "column": 29 }, "end": { "line": 80, "column": 43 } },
          { "start": { "line": 80, "column": 43 }, "end": { "line": 80, "column": null } }
        ],
        "line": 80
      },
      "9": {
        "loc": { "start": { "line": 81, "column": 15 }, "end": { "line": 81, "column": null } },
        "type": "cond-expr",
        "locations": [
          { "start": { "line": 81, "column": 27 }, "end": { "line": 81, "column": 48 } },
          { "start": { "line": 81, "column": 51 }, "end": { "line": 81, "column": null } }
        ],
        "line": 81
      },
      "10": {
        "loc": { "start": { "line": 101, "column": 38 }, "end": { "line": 101, "column": 60 } },
        "type": "binary-expr",
        "locations": [
          { "start": { "line": 101, "column": 38 }, "end": { "line": 101, "column": 58 } },
          { "start": { "line": 101, "column": 58 }, "end": { "line": 101, "column": 60 } }
        ],
        "line": 101
      },
      "11": {
        "loc": { "start": { "line": 121, "column": 15 }, "end": { "line": 121, "column": null } },
        "type": "cond-expr",
        "locations": [
          { "start": { "line": 121, "column": 27 }, "end": { "line": 121, "column": 41 } },
          { "start": { "line": 121, "column": 41 }, "end": { "line": 121, "column": null } }
        ],
        "line": 121
      },
      "12": {
        "loc": { "start": { "line": 122, "column": 13 }, "end": { "line": 122, "column": null } },
        "type": "cond-expr",
        "locations": [
          { "start": { "line": 122, "column": 25 }, "end": { "line": 122, "column": 46 } },
          { "start": { "line": 122, "column": 49 }, "end": { "line": 122, "column": null } }
        ],
        "line": 122
      },
      "13": {
        "loc": { "start": { "line": 131, "column": 36 }, "end": { "line": 131, "column": 58 } },
        "type": "binary-expr",
        "locations": [
          { "start": { "line": 131, "column": 36 }, "end": { "line": 131, "column": 56 } },
          { "start": { "line": 131, "column": 56 }, "end": { "line": 131, "column": 58 } }
        ],
        "line": 131
      }
    },
    "s": { "0": 0, "1": 0, "2": 0, "3": 0, "4": 0, "5": 0, "6": 0, "7": 0, "8": 0 },
    "f": { "0": 0, "1": 0 },
    "b": {
      "0": [0],
      "1": [0, 0],
      "2": [0, 0],
      "3": [0, 0],
      "4": [0, 0],
      "5": [0, 0],
      "6": [0, 0],
      "7": [0, 0],
      "8": [0, 0],
      "9": [0, 0],
      "10": [0, 0],
      "11": [0, 0],
      "12": [0, 0],
      "13": [0, 0]
    },
    "meta": {
      "lastBranch": 14,
      "lastFunction": 2,
      "lastStatement": 9,
      "seen": {
        "f:12:9:12:21": 0,
        "b:12:62:12:86": 0,
        "s:13:20:13:Infinity": 0,
        "s:14:8:14:79": 1,
        "f:14:22:14:40": 1,
        "s:14:40:14:58": 2,
        "s:15:15:15:Infinity": 3,
        "b:15:15:15:37:15:37:15:Infinity": 1,
        "b:17:2:71:Infinity:undefined:undefined:undefined:undefined": 2,
        "s:17:2:71:Infinity": 4,
        "s:18:4:71:Infinity": 5,
        "b:21:29:21:43:21:43:21:Infinity": 3,
        "b:22:27:22:48:22:51:22:Infinity": 4,
        "b:46:38:46:58:46:58:46:60": 5,
        "b:65:43:65:64:65:64:65:95": 6,
        "b:76:2:112:Infinity:undefined:undefined:undefined:undefined": 7,
        "s:76:2:112:Infinity": 6,
        "s:77:4:112:Infinity": 7,
        "b:80:29:80:43:80:43:80:Infinity": 8,
        "b:81:27:81:48:81:51:81:Infinity": 9,
        "b:101:38:101:58:101:58:101:60": 10,
        "s:118:2:136:Infinity": 8,
        "b:121:27:121:41:121:41:121:Infinity": 11,
        "b:122:25:122:46:122:49:122:Infinity": 12,
        "b:131:36:131:56:131:56:131:58": 13
      }
    }
  },
  "/Users/dylan/CodeBuddy/agile-construction/src/components/shared/index.ts": {
    "path": "/Users/dylan/CodeBuddy/agile-construction/src/components/shared/index.ts",
    "statementMap": {},
    "fnMap": {},
    "branchMap": {},
    "s": {},
    "f": {},
    "b": {},
    "meta": { "lastBranch": 0, "lastFunction": 0, "lastStatement": 0, "seen": {} }
  },
  "/Users/dylan/CodeBuddy/agile-construction/src/components/shared/data-display/Pagination/index.tsx": {
    "path": "/Users/dylan/CodeBuddy/agile-construction/src/components/shared/data-display/Pagination/index.tsx",
    "statementMap": {
      "0": { "start": { "line": 9, "column": 6 }, "end": { "line": 66, "column": null } },
      "1": { "start": { "line": 16, "column": 21 }, "end": { "line": 16, "column": 61 } },
      "2": { "start": { "line": 18, "column": 2 }, "end": { "line": 66, "column": null } },
      "3": { "start": { "line": 37, "column": 27 }, "end": { "line": 37, "column": 56 } },
      "4": { "start": { "line": 44, "column": 62 }, "end": { "line": 44, "column": 72 } },
      "5": { "start": { "line": 45, "column": 14 }, "end": { "line": 52, "column": null } },
      "6": { "start": { "line": 49, "column": 31 }, "end": { "line": 49, "column": 49 } },
      "7": { "start": { "line": 59, "column": 27 }, "end": { "line": 59, "column": 56 } }
    },
    "fnMap": {
      "0": {
        "name": "(anonymous_0)",
        "decl": { "start": { "line": 9, "column": 6 }, "end": { "line": 9, "column": 20 } },
        "loc": { "start": { "line": 15, "column": 23 }, "end": { "line": 66, "column": null } },
        "line": 15
      },
      "1": {
        "name": "(anonymous_1)",
        "decl": { "start": { "line": 37, "column": 12 }, "end": { "line": 37, "column": 27 } },
        "loc": { "start": { "line": 37, "column": 27 }, "end": { "line": 37, "column": 56 } },
        "line": 37
      },
      "2": {
        "name": "(anonymous_2)",
        "decl": { "start": { "line": 44, "column": 46 }, "end": { "line": 44, "column": 49 } },
        "loc": { "start": { "line": 44, "column": 62 }, "end": { "line": 44, "column": 72 } },
        "line": 44
      },
      "3": {
        "name": "(anonymous_3)",
        "decl": { "start": { "line": 44, "column": 73 }, "end": { "line": 44, "column": 77 } },
        "loc": { "start": { "line": 45, "column": 14 }, "end": { "line": 52, "column": null } },
        "line": 45
      },
      "4": {
        "name": "(anonymous_4)",
        "decl": { "start": { "line": 49, "column": 16 }, "end": { "line": 49, "column": 31 } },
        "loc": { "start": { "line": 49, "column": 31 }, "end": { "line": 49, "column": 49 } },
        "line": 49
      },
      "5": {
        "name": "(anonymous_5)",
        "decl": { "start": { "line": 59, "column": 12 }, "end": { "line": 59, "column": 27 } },
        "loc": { "start": { "line": 59, "column": 27 }, "end": { "line": 59, "column": 56 } },
        "line": 59
      }
    },
    "branchMap": {
      "0": {
        "loc": { "start": { "line": 14, "column": 2 }, "end": { "line": 14, "column": null } },
        "type": "default-arg",
        "locations": [
          { "start": { "line": 14, "column": 20 }, "end": { "line": 14, "column": null } }
        ],
        "line": 14
      },
      "1": {
        "loc": { "start": { "line": 36, "column": 56 }, "end": { "line": 36, "column": null } },
        "type": "cond-expr",
        "locations": [
          { "start": { "line": 36, "column": 76 }, "end": { "line": 36, "column": 108 } },
          { "start": { "line": 36, "column": 108 }, "end": { "line": 36, "column": null } }
        ],
        "line": 36
      },
      "2": {
        "loc": { "start": { "line": 48, "column": 58 }, "end": { "line": 48, "column": null } },
        "type": "cond-expr",
        "locations": [
          { "start": { "line": 48, "column": 81 }, "end": { "line": 48, "column": 92 } },
          { "start": { "line": 48, "column": 92 }, "end": { "line": 48, "column": null } }
        ],
        "line": 48
      },
      "3": {
        "loc": { "start": { "line": 58, "column": 56 }, "end": { "line": 58, "column": null } },
        "type": "cond-expr",
        "locations": [
          { "start": { "line": 58, "column": 85 }, "end": { "line": 58, "column": 117 } },
          { "start": { "line": 58, "column": 117 }, "end": { "line": 58, "column": null } }
        ],
        "line": 58
      }
    },
    "s": { "0": 1, "1": 0, "2": 0, "3": 0, "4": 0, "5": 0, "6": 0, "7": 0 },
    "f": { "0": 0, "1": 0, "2": 0, "3": 0, "4": 0, "5": 0 },
    "b": { "0": [0], "1": [0, 0], "2": [0, 0], "3": [0, 0] },
    "meta": {
      "lastBranch": 4,
      "lastFunction": 6,
      "lastStatement": 8,
      "seen": {
        "s:9:6:66:Infinity": 0,
        "f:9:6:9:20": 0,
        "b:14:20:14:Infinity": 0,
        "s:16:21:16:61": 1,
        "s:18:2:66:Infinity": 2,
        "b:36:76:36:108:36:108:36:Infinity": 1,
        "f:37:12:37:27": 1,
        "s:37:27:37:56": 3,
        "f:44:46:44:49": 2,
        "s:44:62:44:72": 4,
        "f:44:73:44:77": 3,
        "s:45:14:52:Infinity": 5,
        "b:48:81:48:92:48:92:48:Infinity": 2,
        "f:49:16:49:31": 4,
        "s:49:31:49:49": 6,
        "b:58:85:58:117:58:117:58:Infinity": 3,
        "f:59:12:59:27": 5,
        "s:59:27:59:56": 7
      }
    }
  },
  "/Users/dylan/CodeBuddy/agile-construction/src/components/shared/data-display/StatCard/index.tsx": {
    "path": "/Users/dylan/CodeBuddy/agile-construction/src/components/shared/data-display/StatCard/index.tsx",
    "statementMap": {
      "0": { "start": { "line": 22, "column": 6 }, "end": { "line": 27, "column": null } },
      "1": { "start": { "line": 23, "column": 2 }, "end": { "line": 23, "column": null } },
      "2": { "start": { "line": 23, "column": 14 }, "end": { "line": 23, "column": null } },
      "3": { "start": { "line": 24, "column": 18 }, "end": { "line": 24, "column": 38 } },
      "4": { "start": { "line": 25, "column": 2 }, "end": { "line": 25, "column": null } },
      "5": { "start": { "line": 25, "column": 31 }, "end": { "line": 25, "column": null } },
      "6": { "start": { "line": 26, "column": 2 }, "end": { "line": 26, "column": null } },
      "7": { "start": { "line": 26, "column": 31 }, "end": { "line": 26, "column": null } },
      "8": { "start": { "line": 27, "column": 2 }, "end": { "line": 27, "column": null } },
      "9": { "start": { "line": 30, "column": 6 }, "end": { "line": 109, "column": null } },
      "10": { "start": { "line": 45, "column": 24 }, "end": { "line": 53, "column": 14 } },
      "11": { "start": { "line": 55, "column": 24 }, "end": { "line": 55, "column": 50 } },
      "12": { "start": { "line": 56, "column": 24 }, "end": { "line": 62, "column": null } },
      "13": { "start": { "line": 65, "column": 4 }, "end": { "line": 67, "column": null } },
      "14": { "start": { "line": 70, "column": 2 }, "end": { "line": 81, "column": null } },
      "15": { "start": { "line": 71, "column": 4 }, "end": { "line": 81, "column": null } },
      "16": { "start": { "line": 87, "column": 2 }, "end": { "line": 109, "column": null } }
    },
    "fnMap": {
      "0": {
        "name": "(anonymous_0)",
        "decl": { "start": { "line": 22, "column": 6 }, "end": { "line": 22, "column": 20 } },
        "loc": { "start": { "line": 22, "column": 77 }, "end": { "line": 27, "column": null } },
        "line": 22
      },
      "1": {
        "name": "(anonymous_1)",
        "decl": { "start": { "line": 30, "column": 6 }, "end": { "line": 30, "column": 18 } },
        "loc": { "start": { "line": 44, "column": 21 }, "end": { "line": 109, "column": null } },
        "line": 44
      }
    },
    "branchMap": {
      "0": {
        "loc": { "start": { "line": 23, "column": 2 }, "end": { "line": 23, "column": null } },
        "type": "if",
        "locations": [
          { "start": { "line": 23, "column": 2 }, "end": { "line": 23, "column": null } },
          { "start": {}, "end": {} }
        ],
        "line": 23
      },
      "1": {
        "loc": { "start": { "line": 25, "column": 2 }, "end": { "line": 25, "column": null } },
        "type": "if",
        "locations": [
          { "start": { "line": 25, "column": 2 }, "end": { "line": 25, "column": null } },
          { "start": {}, "end": {} }
        ],
        "line": 25
      },
      "2": {
        "loc": { "start": { "line": 26, "column": 2 }, "end": { "line": 26, "column": null } },
        "type": "if",
        "locations": [
          { "start": { "line": 26, "column": 2 }, "end": { "line": 26, "column": null } },
          { "start": {}, "end": {} }
        ],
        "line": 26
      },
      "3": {
        "loc": { "start": { "line": 39, "column": 2 }, "end": { "line": 39, "column": null } },
        "type": "default-arg",
        "locations": [
          { "start": { "line": 39, "column": 11 }, "end": { "line": 39, "column": null } }
        ],
        "line": 39
      },
      "4": {
        "loc": { "start": { "line": 41, "column": 2 }, "end": { "line": 41, "column": null } },
        "type": "default-arg",
        "locations": [
          { "start": { "line": 41, "column": 14 }, "end": { "line": 41, "column": null } }
        ],
        "line": 41
      },
      "5": {
        "loc": { "start": { "line": 42, "column": 2 }, "end": { "line": 42, "column": null } },
        "type": "default-arg",
        "locations": [
          { "start": { "line": 42, "column": 20 }, "end": { "line": 42, "column": null } }
        ],
        "line": 42
      },
      "6": {
        "loc": { "start": { "line": 43, "column": 2 }, "end": { "line": 43, "column": null } },
        "type": "default-arg",
        "locations": [
          { "start": { "line": 43, "column": 11 }, "end": { "line": 43, "column": null } }
        ],
        "line": 43
      },
      "7": {
        "loc": { "start": { "line": 49, "column": 4 }, "end": { "line": 49, "column": null } },
        "type": "cond-expr",
        "locations": [
          { "start": { "line": 49, "column": 13 }, "end": { "line": 49, "column": 24 } },
          { "start": { "line": 49, "column": 24 }, "end": { "line": 49, "column": null } }
        ],
        "line": 49
      },
      "8": {
        "loc": { "start": { "line": 55, "column": 24 }, "end": { "line": 55, "column": 50 } },
        "type": "binary-expr",
        "locations": [
          { "start": { "line": 55, "column": 24 }, "end": { "line": 55, "column": 33 } },
          { "start": { "line": 55, "column": 33 }, "end": { "line": 55, "column": 50 } }
        ],
        "line": 55
      },
      "9": {
        "loc": { "start": { "line": 56, "column": 24 }, "end": { "line": 62, "column": null } },
        "type": "cond-expr",
        "locations": [
          { "start": { "line": 57, "column": 6 }, "end": { "line": 57, "column": null } },
          { "start": { "line": 58, "column": 6 }, "end": { "line": 62, "column": null } }
        ],
        "line": 56
      },
      "10": {
        "loc": { "start": { "line": 58, "column": 6 }, "end": { "line": 62, "column": null } },
        "type": "cond-expr",
        "locations": [
          { "start": { "line": 59, "column": 8 }, "end": { "line": 59, "column": null } },
          { "start": { "line": 60, "column": 8 }, "end": { "line": 62, "column": null } }
        ],
        "line": 58
      },
      "11": {
        "loc": { "start": { "line": 60, "column": 8 }, "end": { "line": 62, "column": null } },
        "type": "cond-expr",
        "locations": [
          { "start": { "line": 61, "column": 10 }, "end": { "line": 61, "column": null } },
          { "start": { "line": 62, "column": 10 }, "end": { "line": 62, "column": null } }
        ],
        "line": 60
      },
      "12": {
        "loc": { "start": { "line": 66, "column": 7 }, "end": { "line": 66, "column": null } },
        "type": "cond-expr",
        "locations": [
          { "start": { "line": 66, "column": 28 }, "end": { "line": 66, "column": 75 } },
          { "start": { "line": 66, "column": 74 }, "end": { "line": 66, "column": null } }
        ],
        "line": 66
      },
      "13": {
        "loc": { "start": { "line": 70, "column": 2 }, "end": { "line": 81, "column": null } },
        "type": "if",
        "locations": [
          { "start": { "line": 70, "column": 2 }, "end": { "line": 81, "column": null } },
          { "start": {}, "end": {} }
        ],
        "line": 70
      },
      "14": {
        "loc": { "start": { "line": 75, "column": 25 }, "end": { "line": 75, "column": 58 } },
        "type": "cond-expr",
        "locations": [
          { "start": { "line": 75, "column": 35 }, "end": { "line": 75, "column": 47 } },
          { "start": { "line": 75, "column": 47 }, "end": { "line": 75, "column": 58 } }
        ],
        "line": 75
      },
      "15": {
        "loc": { "start": { "line": 81, "column": 11 }, "end": { "line": 81, "column": null } },
        "type": "cond-expr",
        "locations": [
          { "start": { "line": 81, "column": 22 }, "end": { "line": 81, "column": null } },
          { "start": { "line": 81, "column": 95 }, "end": { "line": 81, "column": null } }
        ],
        "line": 81
      },
      "16": {
        "loc": { "start": { "line": 91, "column": 23 }, "end": { "line": 91, "column": 56 } },
        "type": "cond-expr",
        "locations": [
          { "start": { "line": 91, "column": 33 }, "end": { "line": 91, "column": 45 } },
          { "start": { "line": 91, "column": 45 }, "end": { "line": 91, "column": 56 } }
        ],
        "line": 91
      },
      "17": {
        "loc": { "start": { "line": 95, "column": 9 }, "end": { "line": 104, "column": null } },
        "type": "cond-expr",
        "locations": [
          { "start": { "line": 96, "column": 10 }, "end": { "line": 104, "column": null } },
          { "start": { "line": 104, "column": 12 }, "end": { "line": 104, "column": null } }
        ],
        "line": 95
      },
      "18": {
        "loc": { "start": { "line": 97, "column": 13 }, "end": { "line": 101, "column": null } },
        "type": "cond-expr",
        "locations": [
          { "start": { "line": 98, "column": 14 }, "end": { "line": 99, "column": null } },
          { "start": { "line": 99, "column": 16 }, "end": { "line": 101, "column": null } }
        ],
        "line": 97
      },
      "19": {
        "loc": { "start": { "line": 99, "column": 16 }, "end": { "line": 101, "column": null } },
        "type": "cond-expr",
        "locations": [
          { "start": { "line": 100, "column": 14 }, "end": { "line": 101, "column": null } },
          { "start": { "line": 101, "column": 16 }, "end": { "line": 101, "column": null } }
        ],
        "line": 99
      },
      "20": {
        "loc": { "start": { "line": 109, "column": 7 }, "end": { "line": 109, "column": null } },
        "type": "cond-expr",
        "locations": [
          { "start": { "line": 109, "column": 18 }, "end": { "line": 109, "column": null } },
          { "start": { "line": 109, "column": 91 }, "end": { "line": 109, "column": null } }
        ],
        "line": 109
      }
    },
    "s": {
      "0": 1,
      "1": 0,
      "2": 0,
      "3": 0,
      "4": 0,
      "5": 0,
      "6": 0,
      "7": 0,
      "8": 0,
      "9": 1,
      "10": 0,
      "11": 0,
      "12": 0,
      "13": 0,
      "14": 0,
      "15": 0,
      "16": 0
    },
    "f": { "0": 0, "1": 0 },
    "b": {
      "0": [0, 0],
      "1": [0, 0],
      "2": [0, 0],
      "3": [0],
      "4": [0],
      "5": [0],
      "6": [0],
      "7": [0, 0],
      "8": [0, 0],
      "9": [0, 0],
      "10": [0, 0],
      "11": [0, 0],
      "12": [0, 0],
      "13": [0, 0],
      "14": [0, 0],
      "15": [0, 0],
      "16": [0, 0],
      "17": [0, 0],
      "18": [0, 0],
      "19": [0, 0],
      "20": [0, 0]
    },
    "meta": {
      "lastBranch": 21,
      "lastFunction": 2,
      "lastStatement": 17,
      "seen": {
        "s:22:6:27:Infinity": 0,
        "f:22:6:22:20": 0,
        "b:23:2:23:Infinity:undefined:undefined:undefined:undefined": 0,
        "s:23:2:23:Infinity": 1,
        "s:23:14:23:Infinity": 2,
        "s:24:18:24:38": 3,
        "b:25:2:25:Infinity:undefined:undefined:undefined:undefined": 1,
        "s:25:2:25:Infinity": 4,
        "s:25:31:25:Infinity": 5,
        "b:26:2:26:Infinity:undefined:undefined:undefined:undefined": 2,
        "s:26:2:26:Infinity": 6,
        "s:26:31:26:Infinity": 7,
        "s:27:2:27:Infinity": 8,
        "s:30:6:109:Infinity": 9,
        "f:30:6:30:18": 1,
        "b:39:11:39:Infinity": 3,
        "b:41:14:41:Infinity": 4,
        "b:42:20:42:Infinity": 5,
        "b:43:11:43:Infinity": 6,
        "s:45:24:53:14": 10,
        "b:49:13:49:24:49:24:49:Infinity": 7,
        "s:55:24:55:50": 11,
        "b:55:24:55:33:55:33:55:50": 8,
        "s:56:24:62:Infinity": 12,
        "b:57:6:57:Infinity:58:6:62:Infinity": 9,
        "b:59:8:59:Infinity:60:8:62:Infinity": 10,
        "b:61:10:61:Infinity:62:10:62:Infinity": 11,
        "s:65:4:67:Infinity": 13,
        "b:66:28:66:75:66:74:66:Infinity": 12,
        "b:70:2:81:Infinity:undefined:undefined:undefined:undefined": 13,
        "s:70:2:81:Infinity": 14,
        "s:71:4:81:Infinity": 15,
        "b:75:35:75:47:75:47:75:58": 14,
        "b:81:22:81:Infinity:81:95:81:Infinity": 15,
        "s:87:2:109:Infinity": 16,
        "b:91:33:91:45:91:45:91:56": 16,
        "b:96:10:104:Infinity:104:12:104:Infinity": 17,
        "b:98:14:99:Infinity:99:16:101:Infinity": 18,
        "b:100:14:101:Infinity:101:16:101:Infinity": 19,
        "b:109:18:109:Infinity:109:91:109:Infinity": 20
      }
    }
  },
  "/Users/dylan/CodeBuddy/agile-construction/src/components/shared/data-display/StatsCards/index.tsx": {
    "path": "/Users/dylan/CodeBuddy/agile-construction/src/components/shared/data-display/StatsCards/index.tsx",
    "statementMap": {
      "0": { "start": { "line": 26, "column": 6 }, "end": { "line": 54, "column": null } },
      "1": { "start": { "line": 35, "column": 2 }, "end": { "line": 54, "column": null } },
      "2": { "start": { "line": 38, "column": 8 }, "end": { "line": 52, "column": null } },
      "3": { "start": { "line": 48, "column": 39 }, "end": { "line": 48, "column": 60 } }
    },
    "fnMap": {
      "0": {
        "name": "(anonymous_0)",
        "decl": { "start": { "line": 26, "column": 6 }, "end": { "line": 26, "column": 20 } },
        "loc": { "start": { "line": 34, "column": 23 }, "end": { "line": 54, "column": null } },
        "line": 34
      },
      "1": {
        "name": "(anonymous_1)",
        "decl": { "start": { "line": 37, "column": 13 }, "end": { "line": 37, "column": 17 } },
        "loc": { "start": { "line": 38, "column": 8 }, "end": { "line": 52, "column": null } },
        "line": 38
      },
      "2": {
        "name": "(anonymous_2)",
        "decl": { "start": { "line": 48, "column": 19 }, "end": { "line": 48, "column": 39 } },
[...]
        "type": "binary-expr",
        "locations": [
          { "start": { "line": 226, "column": 22 }, "end": { "line": 226, "column": 48 } },
          { "start": { "line": 226, "column": 52 }, "end": { "line": 226, "column": 54 } }
        ],
        "line": 226
      },
      "21": {
        "loc": { "start": { "line": 239, "column": 20 }, "end": { "line": 239, "column": 52 } },
        "type": "binary-expr",
        "locations": [
          { "start": { "line": 239, "column": 20 }, "end": { "line": 239, "column": 46 } },
          { "start": { "line": 239, "column": 50 }, "end": { "line": 239, "column": 52 } }
        ],
        "line": 239
      },
      "22": {
        "loc": { "start": { "line": 268, "column": 13 }, "end": { "line": 268, "column": 45 } },
        "type": "binary-expr",
        "locations": [
          { "start": { "line": 268, "column": 13 }, "end": { "line": 268, "column": 39 } },
          { "start": { "line": 268, "column": 43 }, "end": { "line": 268, "column": 45 } }
        ],
        "line": 268
      },
      "23": {
        "loc": { "start": { "line": 280, "column": 20 }, "end": { "line": 280, "column": 52 } },
        "type": "binary-expr",
        "locations": [
          { "start": { "line": 280, "column": 20 }, "end": { "line": 280, "column": 46 } },
          { "start": { "line": 280, "column": 50 }, "end": { "line": 280, "column": 52 } }
        ],
        "line": 280
      },
      "24": {
        "loc": { "start": { "line": 293, "column": 28 }, "end": { "line": 293, "column": 51 } },
        "type": "binary-expr",
        "locations": [
          { "start": { "line": 293, "column": 28 }, "end": { "line": 293, "column": 49 } },
          { "start": { "line": 293, "column": 49 }, "end": { "line": 293, "column": 51 } }
        ],
        "line": 293
      },
      "25": {
        "loc": { "start": { "line": 327, "column": 23 }, "end": { "line": 327, "column": null } },
        "type": "binary-expr",
        "locations": [
          { "start": { "line": 327, "column": 23 }, "end": { "line": 327, "column": 41 } },
          { "start": { "line": 327, "column": 41 }, "end": { "line": 327, "column": null } }
        ],
        "line": 327
      },
      "26": {
        "loc": { "start": { "line": 327, "column": 46 }, "end": { "line": 327, "column": 72 } },
        "type": "binary-expr",
        "locations": [
          { "start": { "line": 327, "column": 46 }, "end": { "line": 327, "column": 69 } },
          { "start": { "line": 327, "column": 69 }, "end": { "line": 327, "column": 72 } }
        ],
        "line": 327
      },
      "27": {
        "loc": { "start": { "line": 329, "column": 18 }, "end": { "line": 329, "column": 50 } },
        "type": "binary-expr",
        "locations": [
          { "start": { "line": 329, "column": 18 }, "end": { "line": 329, "column": 44 } },
          { "start": { "line": 329, "column": 48 }, "end": { "line": 329, "column": 50 } }
        ],
        "line": 329
      },
      "28": {
        "loc": { "start": { "line": 332, "column": 6 }, "end": { "line": 333, "column": 76 } },
        "type": "binary-expr",
        "locations": [
          { "start": { "line": 332, "column": 6 }, "end": { "line": 332, "column": 88 } },
          { "start": { "line": 333, "column": 6 }, "end": { "line": 333, "column": 76 } }
        ],
        "line": 332
      },
      "29": {
        "loc": { "start": { "line": 332, "column": 47 }, "end": { "line": 332, "column": 88 } },
        "type": "binary-expr",
        "locations": [
          { "start": { "line": 332, "column": 47 }, "end": { "line": 332, "column": 70 } },
          { "start": { "line": 332, "column": 70 }, "end": { "line": 332, "column": 88 } }
        ],
        "line": 332
      },
      "30": {
        "loc": { "start": { "line": 338, "column": 40 }, "end": { "line": 363, "column": null } },
        "type": "cond-expr",
        "locations": [
          { "start": { "line": 339, "column": 8 }, "end": { "line": 359, "column": null } },
          { "start": { "line": 360, "column": 8 }, "end": { "line": 363, "column": null } }
        ],
        "line": 338
      },
      "31": {
        "loc": { "start": { "line": 346, "column": 22 }, "end": { "line": 346, "column": null } },
        "type": "binary-expr",
        "locations": [
          { "start": { "line": 346, "column": 22 }, "end": { "line": 346, "column": 50 } },
          { "start": { "line": 346, "column": 50 }, "end": { "line": 346, "column": null } }
        ],
        "line": 346
      },
      "32": {
        "loc": { "start": { "line": 356, "column": 30 }, "end": { "line": 356, "column": null } },
        "type": "binary-expr",
        "locations": [
          { "start": { "line": 356, "column": 30 }, "end": { "line": 356, "column": 66 } },
          { "start": { "line": 356, "column": 66 }, "end": { "line": 356, "column": null } }
        ],
        "line": 356
      },
      "33": {
        "loc": { "start": { "line": 383, "column": 70 }, "end": { "line": 383, "column": 94 } },
        "type": "binary-expr",
        "locations": [
          { "start": { "line": 383, "column": 70 }, "end": { "line": 383, "column": 92 } },
          { "start": { "line": 383, "column": 92 }, "end": { "line": 383, "column": 94 } }
        ],
        "line": 383
      },
      "34": {
        "loc": { "start": { "line": 389, "column": 45 }, "end": { "line": 389, "column": 76 } },
        "type": "binary-expr",
        "locations": [
          { "start": { "line": 389, "column": 45 }, "end": { "line": 389, "column": 74 } },
          { "start": { "line": 389, "column": 74 }, "end": { "line": 389, "column": 76 } }
        ],
        "line": 389
      },
      "35": {
        "loc": { "start": { "line": 413, "column": 4 }, "end": { "line": 414, "column": null } },
        "type": "if",
        "locations": [
          { "start": { "line": 413, "column": 4 }, "end": { "line": 414, "column": null } },
          { "start": {}, "end": {} }
        ],
        "line": 413
      },
      "36": {
        "loc": { "start": { "line": 419, "column": 21 }, "end": { "line": 419, "column": 73 } },
        "type": "cond-expr",
        "locations": [
          { "start": { "line": 419, "column": 28 }, "end": { "line": 419, "column": 43 } },
          { "start": { "line": 419, "column": 71 }, "end": { "line": 419, "column": 73 } }
        ],
        "line": 419
      },
      "37": {
        "loc": { "start": { "line": 420, "column": 35 }, "end": { "line": 420, "column": 70 } },
        "type": "cond-expr",
        "locations": [
          { "start": { "line": 420, "column": 59 }, "end": { "line": 420, "column": 68 } },
          { "start": { "line": 420, "column": 68 }, "end": { "line": 420, "column": 70 } }
        ],
        "line": 420
      },
      "38": {
        "loc": { "start": { "line": 428, "column": 8 }, "end": { "line": 434, "column": null } },
        "type": "cond-expr",
        "locations": [
          { "start": { "line": 429, "column": 12 }, "end": { "line": 429, "column": null } },
          { "start": { "line": 430, "column": 12 }, "end": { "line": 434, "column": null } }
        ],
        "line": 428
      },
      "39": {
        "loc": { "start": { "line": 430, "column": 12 }, "end": { "line": 434, "column": null } },
        "type": "cond-expr",
        "locations": [
          { "start": { "line": 431, "column": 14 }, "end": { "line": 431, "column": null } },
          { "start": { "line": 432, "column": 14 }, "end": { "line": 434, "column": null } }
        ],
        "line": 430
      },
      "40": {
        "loc": { "start": { "line": 432, "column": 14 }, "end": { "line": 434, "column": null } },
        "type": "cond-expr",
        "locations": [
          { "start": { "line": 433, "column": 16 }, "end": { "line": 433, "column": null } },
          { "start": { "line": 434, "column": 16 }, "end": { "line": 434, "column": null } }
        ],
        "line": 432
      }
    },
    "s": {
      "0": 1,
      "1": 1,
      "2": 1,
      "3": 1,
      "4": 1,
      "5": 2,
      "6": 1,
      "7": 2,
      "8": 1,
      "9": 1,
      "10": 1,
      "11": 1,
      "12": 0,
      "13": 1,
      "14": 1,
      "15": 1,
      "16": 0,
      "17": 0,
      "18": 0,
      "19": 0,
      "20": 1,
      "21": 1,
      "22": 1,
      "23": 1,
      "24": 1,
      "25": 1,
      "26": 1,
      "27": 1,
      "28": 0,
      "29": 0,
      "30": 0,
      "31": 1,
      "32": 1,
      "33": 1,
      "34": 1,
      "35": 0,
      "36": 0,
      "37": 0,
      "38": 1,
      "39": 0,
      "40": 0,
      "41": 0,
      "42": 0,
      "43": 0,
      "44": 0,
      "45": 0,
      "46": 0,
      "47": 0,
      "48": 0,
      "49": 0,
      "50": 0,
      "51": 1,
      "52": 0,
      "53": 1,
      "54": 1,
      "55": 1,
      "56": 1,
      "57": 1,
      "58": 0,
      "59": 0,
      "60": 0,
      "61": 0,
      "62": 0,
      "63": 0,
      "64": 1,
      "65": 0,
      "66": 0,
      "67": 0,
      "68": 0,
      "69": 0,
      "70": 0,
      "71": 0,
      "72": 0,
      "73": 0,
      "74": 0,
      "75": 0,
      "76": 0,
      "77": 0,
      "78": 0,
      "79": 0,
      "80": 0,
      "81": 0,
      "82": 0,
      "83": 0,
      "84": 0,
      "85": 0,
      "86": 0,
      "87": 0,
      "88": 0,
      "89": 0,
      "90": 0,
      "91": 0,
      "92": 0,
      "93": 0,
      "94": 0,
      "95": 1,
      "96": 1,
      "97": 1,
      "98": 0,
      "99": 0,
      "100": 0,
      "101": 0,
      "102": 0,
      "103": 0,
      "104": 0,
      "105": 0,
      "106": 0,
      "107": 0,
      "108": 1,
      "109": 1,
      "110": 1,
      "111": 1,
      "112": 1,
      "113": 0,
      "114": 0,
      "115": 0,
      "116": 0,
      "117": 0,
      "118": 0,
      "119": 0,
      "120": 0,
      "121": 0,
      "122": 0,
      "123": 0,
      "124": 0,
      "125": 0,
      "126": 0,
      "127": 0,
      "128": 0,
      "129": 0,
      "130": 0,
      "131": 0,
      "132": 0,
      "133": 0,
      "134": 0,
      "135": 0,
      "136": 0,
      "137": 0,
      "138": 0,
      "139": 0,
      "140": 0,
      "141": 0,
      "142": 0,
      "143": 0,
      "144": 0,
      "145": 0,
      "146": 0,
      "147": 0,
      "148": 0,
      "149": 0
    },
    "f": {
      "0": 2,
      "1": 2,
      "2": 1,
      "3": 1,
      "4": 1,
      "5": 1,
      "6": 0,
      "7": 0,
      "8": 0,
      "9": 1,
      "10": 0,
      "11": 0,
      "12": 0,
      "13": 0,
      "14": 0,
      "15": 0,
      "16": 0,
      "17": 0,
      "18": 1,
      "19": 0,
      "20": 0,
      "21": 0,
      "22": 1,
      "23": 0,
      "24": 0,
      "25": 0,
      "26": 0,
      "27": 0,
      "28": 0
    },
    "b": {
      "0": [0, 1],
      "1": [1, 0],
      "2": [0, 0],
      "3": [0, 0, 0],
      "4": [1, 0],
      "5": [0, 0],
      "6": [0, 0],
      "7": [0, 0],
      "8": [0, 0],
      "9": [0, 0],
      "10": [0, 0],
      "11": [0, 0],
      "12": [1, 0],
      "13": [0, 0],
      "14": [0, 0, 0],
      "15": [0, 0],
      "16": [0, 0],
      "17": [0, 0],
      "18": [0, 0],
      "19": [0, 0],
      "20": [0, 0],
      "21": [0, 0],
      "22": [0, 0],
      "23": [0, 0],
      "24": [1, 1],
      "25": [0, 0],
      "26": [0, 0],
      "27": [0, 0],
      "28": [0, 0],
      "29": [0, 0],
      "30": [0, 0],
      "31": [0, 0],
      "32": [0, 0],
      "33": [0, 0],
      "34": [0, 0],
      "35": [0, 0],
      "36": [0, 0],
      "37": [0, 0],
      "38": [0, 0],
      "39": [0, 0],
      "40": [0, 0]
    },
    "meta": {
      "lastBranch": 41,
      "lastFunction": 29,
      "lastStatement": 150,
      "seen": {
        "s:14:34:14:Infinity": 0,
        "s:15:34:15:Infinity": 1,
        "s:16:35:16:Infinity": 2,
        "s:17:28:17:Infinity": 3,
        "s:19:6:19:Infinity": 4,
        "f:19:6:19:15": 0,
        "s:19:38:19:Infinity": 5,
        "s:20:6:20:Infinity": 6,
        "f:20:6:20:18": 1,
        "s:20:41:20:Infinity": 7,
        "s:22:6:46:Infinity": 8,
        "f:22:6:22:24": 2,
        "s:23:2:46:Infinity": 9,
        "s:24:16:24:62": 10,
        "b:25:4:26:Infinity:undefined:undefined:undefined:undefined": 0,
        "s:25:4:26:Infinity": 11,
        "s:26:6:26:Infinity": 12,
        "s:29:19:29:34": 13,
        "b:36:4:37:Infinity:undefined:undefined:undefined:undefined": 1,
        "s:36:4:37:Infinity": 14,
        "s:37:6:37:Infinity": 15,
        "b:40:4:41:Infinity:undefined:undefined:undefined:undefined": 2,
        "s:40:4:41:Infinity": 16,
        "b:40:8:40:18:40:18:40:48:40:48:40:75": 3,
        "s:41:6:41:Infinity": 17,
        "s:44:4:44:Infinity": 18,
        "s:46:4:46:Infinity": 19,
        "s:50:6:59:Infinity": 20,
        "f:50:6:50:27": 3,
        "s:51:2:59:Infinity": 21,
        "s:52:4:58:Infinity": 22,
        "s:64:6:73:Infinity": 23,
        "f:64:6:64:32": 4,
        "s:65:2:73:Infinity": 24,
        "s:66:16:66:65": 25,
        "b:67:4:68:Infinity:undefined:undefined:undefined:undefined": 4,
        "s:67:4:68:Infinity": 26,
        "s:68:6:68:Infinity": 27,
        "s:70:19:70:34": 28,
        "s:71:4:71:Infinity": 29,
        "b:71:50:71:59:71:59:71:61": 5,
        "b:71:11:71:21:71:21:71:50": 6,
        "s:73:4:73:Infinity": 30,
        "s:77:6:80:Infinity": 31,
        "f:77:6:77:35": 5,
        "s:78:2:80:Infinity": 32,
        "s:79:4:79:Infinity": 33,
        "s:85:6:88:Infinity": 34,
        "f:85:6:85:36": 6,
        "s:86:16:86:44": 35,
        "s:87:29:87:Infinity": 36,
        "b:87:29:87:80:87:84:87:Infinity": 7,
        "s:88:2:88:Infinity": 37,
        "s:91:6:110:Infinity": 38,
        "f:91:6:91:38": 7,
        "s:92:27:92:29": 39,
        "s:94:2:107:Infinity": 40,
        "s:95:4:103:Infinity": 41,
        "s:95:21:95:24": 42,
        "s:96:22:96:52": 43,
        "b:97:6:98:Infinity:undefined:undefined:undefined:undefined": 8,
        "s:97:6:98:Infinity": 44,
        "b:97:10:97:22:97:22:97:74": 9,
        "s:98:8:98:Infinity": 45,
        "s:101:25:101:78": 46,
        "b:102:6:103:Infinity:undefined:undefined:undefined:undefined": 10,
        "s:102:6:103:Infinity": 47,
        "s:103:8:103:Infinity": 48,
        "s:107:4:107:Infinity": 49,
        "s:110:2:110:Infinity": 50,
        "s:113:6:147:Infinity": 51,
        "f:113:6:113:41": 8,
        "s:113:96:147:Infinity": 52,
        "b:119:15:119:38:119:38:119:Infinity": 11,
        "s:149:30:448:Infinity": 53,
        "f:151:8:151:18": 9,
        "s:152:23:152:49": 54,
        "s:154:24:154:Infinity": 55,
        "b:154:24:154:52:154:56:154:Infinity": 12,
        "s:156:4:180:Infinity": 56,
        "s:157:24:157:72": 57,
        "b:161:6:172:Infinity:undefined:undefined:undefined:undefined": 13,
        "s:161:6:172:Infinity": 58,
        "b:161:10:161:38:161:38:161:52:161:52:161:75": 14,
        "s:162:8:170:Infinity": 59,
        "f:163:21:163:25": 10,
        "s:164:12:167:Infinity": 60,
        "s:172:8:172:Infinity": 61,
        "s:176:6:176:Infinity": 62,
        "s:177:6:177:Infinity": 63,
        "s:180:6:180:Infinity": 64,
        "f:185:8:185:Infinity": 11,
        "s:190:23:190:Infinity": 65,
        "s:191:4:214:Infinity": 66,
        "s:192:22:196:Infinity": 67,
        "s:200:22:200:54": 68,
        "b:200:22:200:48:200:52:200:54": 15,
        "s:201:19:201:72": 69,
        "f:201:27:201:31": 12,
        "s:201:37:201:72": 70,
        "b:201:59:201:69:201:69:201:72": 16,
        "s:202:6:202:Infinity": 71,
        "s:203:6:203:Infinity": 72,
        "s:206:22:206:54": 73,
        "b:206:22:206:48:206:52:206:54": 17,
        "s:207:20:207:58": 74,
        "f:207:28:207:33": 13,
        "s:207:38:207:58": 75,
        "b:208:6:212:Infinity:undefined:undefined:undefined:undefined": 18,
        "s:208:6:212:Infinity": 76,
        "s:209:25:209:Infinity": 77,
        "s:210:21:210:75": 78,
        "f:210:29:210:33": 14,
        "s:210:39:210:75": 79,
        "b:210:61:210:72:210:72:210:75": 19,
        "s:211:8:211:Infinity": 80,
        "s:212:8:212:Infinity": 81,
        "s:214:6:214:Infinity": 82,
        "f:219:8:219:19": 15,
        "s:220:23:220:Infinity": 83,
        "s:221:4:228:Infinity": 84,
        "s:222:6:222:Infinity": 85,
        "s:226:22:226:54": 86,
        "b:226:22:226:48:226:52:226:54": 20,
        "s:227:19:227:59": 87,
        "f:227:27:227:34": 16,
        "s:227:39:227:59": 88,
        "s:228:6:228:Infinity": 89,
        "f:233:8:233:26": 17,
        "s:234:4:240:Infinity": 90,
        "s:235:6:235:Infinity": 91,
        "s:238:25:238:Infinity": 92,
        "s:239:20:239:52": 93,
        "b:239:20:239:46:239:50:239:52": 21,
        "s:240:6:240:Infinity": 94,
        "f:245:8:245:18": 18,
        "s:246:4:246:Infinity": 95,
        "s:248:4:257:Infinity": 96,
        "s:249:6:256:Infinity": 97,
        "f:263:8:263:24": 19,
        "s:264:4:268:Infinity": 98,
        "s:265:6:265:Infinity": 99,
        "s:267:25:267:Infinity": 100,
        "s:268:6:268:Infinity": 101,
        "b:268:13:268:39:268:43:268:45": 22,
        "f:272:8:272:26": 20,
        "s:273:20:276:Infinity": 102,
        "s:279:23:279:Infinity": 103,
        "s:280:20:280:52": 104,
        "b:280:20:280:46:280:50:280:52": 23,
        "s:281:4:281:Infinity": 105,
        "s:282:4:282:Infinity": 106,
        "f:285:8:285:26": 21,
        "s:286:4:286:Infinity": 107,
        "f:289:8:289:27": 22,
        "s:290:20:290:54": 108,
        "s:291:17:294:Infinity": 109,
        "b:293:28:293:49:293:49:293:51": 24,
        "s:295:4:295:Infinity": 110,
        "s:297:4:306:Infinity": 111,
        "s:298:6:305:Infinity": 112,
        "f:322:8:322:Infinity": 23,
        "s:326:24:326:73": 113,
        "s:327:23:327:Infinity": 114,
        "b:327:23:327:41:327:41:327:Infinity": 25,
        "b:327:46:327:69:327:69:327:72": 26,
        "s:329:18:329:50": 115,
        "b:329:18:329:44:329:48:329:50": 27,
        "s:332:6:333:76": 116,
        "b:332:6:332:88:333:6:333:76": 28,
        "f:332:12:332:17": 24,
        "s:332:25:332:88": 117,
        "b:332:47:332:70:332:70:332:88": 29,
        "f:333:12:333:17": 25,
        "s:333:25:333:75": 118,
        "s:335:25:335:90": 119,
        "s:338:40:363:Infinity": 120,
        "b:339:8:359:Infinity:360:8:363:Infinity": 30,
        "b:346:22:346:50:346:50:346:Infinity": 31,
        "b:356:30:356:66:356:66:356:Infinity": 32,
        "s:366:30:366:78": 121,
        "f:366:36:366:43": 26,
        "s:366:51:366:78": 122,
        "s:367:22:367:63": 123,
        "s:368:4:368:Infinity": 124,
        "s:370:16:370:26": 125,
        "s:371:17:371:34": 126,
        "s:372:15:372:58": 127,
        "s:373:15:373:53": 128,
        "s:374:15:374:54": 129,
        "s:375:16:375:57": 130,
        "s:376:20:376:Infinity": 131,
        "s:378:42:384:Infinity": 132,
        "b:383:70:383:92:383:92:383:94": 33,
        "s:386:24:386:58": 133,
        "s:387:21:390:Infinity": 134,
        "b:389:45:389:74:389:74:389:76": 34,
        "s:391:4:391:Infinity": 135,
        "s:393:4:402:Infinity": 136,
        "s:394:6:401:Infinity": 137,
        "s:406:4:409:Infinity": 138,
        "f:412:2:412:20": 27,
        "b:413:4:414:Infinity:undefined:undefined:undefined:undefined": 35,
        "s:413:4:414:Infinity": 139,
        "s:414:6:414:Infinity": 140,
        "s:417:4:422:Infinity": 141,
        "s:418:18:418:73": 142,
        "s:419:21:419:73": 143,
        "b:419:28:419:43:419:71:419:73": 36,
        "s:420:19:420:86": 144,
        "b:420:59:420:68:420:68:420:70": 37,
        "s:421:6:421:Infinity": 145,
        "s:426:26:444:Infinity": 146,
        "f:426:33:426:37": 28,
        "s:428:8:434:Infinity": 147,
        "b:429:12:429:Infinity:430:12:434:Infinity": 38,
        "b:431:14:431:Infinity:432:14:434:Infinity": 39,
        "b:433:16:433:Infinity:434:16:434:Infinity": 40,
        "s:436:6:443:Infinity": 148,
        "s:446:4:446:Infinity": 149
      }
    }
  }
}
